{"/home/travis/build/npmtest/node-npmtest-simplex-noise/test.js":{"path":"/home/travis/build/npmtest/node-npmtest-simplex-noise/test.js","s":{"1":2,"2":2,"3":2,"4":2,"5":2,"6":2,"7":2,"8":1,"9":2,"10":2,"11":1,"12":1,"13":1,"14":1,"15":2,"16":2,"17":2,"18":2,"19":1,"20":1,"21":2,"22":2,"23":2,"24":1,"25":1,"26":1,"27":1,"28":1,"29":1,"30":1,"31":1,"32":1,"33":1,"34":1,"35":1,"36":1,"37":1,"38":1,"39":2,"40":2,"41":1,"42":2,"43":2,"44":1,"45":2,"46":2,"47":1,"48":2,"49":2,"50":1,"51":1,"52":1,"53":1,"54":1},"b":{"1":[2,1,1,1],"2":[1,1,1,1],"3":[1,1],"4":[1,1],"5":[1,1],"6":[1,1],"7":[1,1],"8":[1,1],"9":[1,1],"10":[1,1,1],"11":[1,1],"12":[1,1],"13":[1,1],"14":[1,1],"15":[1,1],"16":[1,1],"17":[1,1]},"f":{"1":2,"2":2,"3":2,"4":2,"5":2,"6":1,"7":1,"8":1,"9":2,"10":2,"11":2,"12":2,"13":1},"fnMap":{"1":{"name":"(anonymous_1)","line":12,"loc":{"start":{"line":12,"column":1},"end":{"line":12,"column":13}}},"2":{"name":"(anonymous_2)","line":19,"loc":{"start":{"line":19,"column":5},"end":{"line":19,"column":17}}},"3":{"name":"(anonymous_3)","line":23,"loc":{"start":{"line":23,"column":24},"end":{"line":23,"column":36}}},"4":{"name":"(anonymous_4)","line":61,"loc":{"start":{"line":61,"column":5},"end":{"line":61,"column":17}}},"5":{"name":"(anonymous_5)","line":82,"loc":{"start":{"line":82,"column":5},"end":{"line":82,"column":17}}},"6":{"name":"(anonymous_6)","line":91,"loc":{"start":{"line":91,"column":77},"end":{"line":94,"column":10}}},"7":{"name":"(anonymous_7)","line":112,"loc":{"start":{"line":112,"column":83},"end":{"line":115,"column":10}},"skip":true},"8":{"name":"(anonymous_8)","line":123,"loc":{"start":{"line":123,"column":77},"end":{"line":126,"column":10}},"skip":true},"9":{"name":"(anonymous_9)","line":139,"loc":{"start":{"line":139,"column":12},"end":{"line":139,"column":40}},"skip":true},"10":{"name":"(anonymous_10)","line":147,"loc":{"start":{"line":147,"column":77},"end":{"line":150,"column":10}},"skip":true},"11":{"name":"(anonymous_11)","line":158,"loc":{"start":{"line":158,"column":83},"end":{"line":161,"column":10}},"skip":true},"12":{"name":"(anonymous_12)","line":169,"loc":{"start":{"line":169,"column":79},"end":{"line":172,"column":10}},"skip":true},"13":{"name":"(anonymous_13)","line":180,"loc":{"start":{"line":180,"column":75},"end":{"line":183,"column":10}},"skip":true}},"statementMap":{"1":{"start":{"line":12,"column":0},"end":{"line":195,"column":5}},"2":{"start":{"line":14,"column":4},"end":{"line":14,"column":14}},"3":{"start":{"line":19,"column":4},"end":{"line":56,"column":9}},"4":{"start":{"line":21,"column":8},"end":{"line":21,"column":19}},"5":{"start":{"line":23,"column":8},"end":{"line":35,"column":13}},"6":{"start":{"line":24,"column":12},"end":{"line":34,"column":13}},"7":{"start":{"line":25,"column":16},"end":{"line":28,"column":30}},"8":{"start":{"line":30,"column":16},"end":{"line":33,"column":27}},"9":{"start":{"line":37,"column":8},"end":{"line":39,"column":21}},"10":{"start":{"line":40,"column":8},"end":{"line":53,"column":9}},"11":{"start":{"line":43,"column":12},"end":{"line":46,"column":14}},"12":{"start":{"line":47,"column":12},"end":{"line":47,"column":18}},"13":{"start":{"line":50,"column":12},"end":{"line":51,"column":46}},"14":{"start":{"line":52,"column":12},"end":{"line":52,"column":18}},"15":{"start":{"line":55,"column":8},"end":{"line":55,"column":35}},"16":{"start":{"line":61,"column":4},"end":{"line":63,"column":9}},"17":{"start":{"line":62,"column":8},"end":{"line":62,"column":15}},"18":{"start":{"line":64,"column":4},"end":{"line":77,"column":5}},"19":{"start":{"line":70,"column":8},"end":{"line":70,"column":14}},"20":{"start":{"line":76,"column":8},"end":{"line":76,"column":14}},"21":{"start":{"line":82,"column":4},"end":{"line":84,"column":9}},"22":{"start":{"line":83,"column":8},"end":{"line":83,"column":15}},"23":{"start":{"line":85,"column":4},"end":{"line":194,"column":5}},"24":{"start":{"line":91,"column":8},"end":{"line":99,"column":10}},"25":{"start":{"line":98,"column":12},"end":{"line":98,"column":35}},"26":{"start":{"line":102,"column":8},"end":{"line":104,"column":63}},"27":{"start":{"line":105,"column":8},"end":{"line":105,"column":14}},"28":{"start":{"line":112,"column":8},"end":{"line":121,"column":10},"skip":true},"29":{"start":{"line":119,"column":12},"end":{"line":119,"column":55},"skip":true},"30":{"start":{"line":120,"column":12},"end":{"line":120,"column":48},"skip":true},"31":{"start":{"line":123,"column":8},"end":{"line":136,"column":10},"skip":true},"32":{"start":{"line":130,"column":12},"end":{"line":130,"column":76},"skip":true},"33":{"start":{"line":131,"column":12},"end":{"line":131,"column":73},"skip":true},"34":{"start":{"line":132,"column":12},"end":{"line":132,"column":74},"skip":true},"35":{"start":{"line":133,"column":12},"end":{"line":133,"column":79},"skip":true},"36":{"start":{"line":134,"column":12},"end":{"line":134,"column":25},"skip":true},"37":{"start":{"line":135,"column":12},"end":{"line":135,"column":45},"skip":true},"38":{"start":{"line":138,"column":8},"end":{"line":145,"column":14},"skip":true},"39":{"start":{"line":143,"column":16},"end":{"line":143,"column":29},"skip":true},"40":{"start":{"line":144,"column":16},"end":{"line":144,"column":55},"skip":true},"41":{"start":{"line":147,"column":8},"end":{"line":156,"column":10},"skip":true},"42":{"start":{"line":154,"column":12},"end":{"line":154,"column":25},"skip":true},"43":{"start":{"line":155,"column":12},"end":{"line":155,"column":45},"skip":true},"44":{"start":{"line":158,"column":8},"end":{"line":167,"column":10},"skip":true},"45":{"start":{"line":165,"column":12},"end":{"line":165,"column":25},"skip":true},"46":{"start":{"line":166,"column":12},"end":{"line":166,"column":48},"skip":true},"47":{"start":{"line":169,"column":8},"end":{"line":178,"column":10},"skip":true},"48":{"start":{"line":176,"column":12},"end":{"line":176,"column":25},"skip":true},"49":{"start":{"line":177,"column":12},"end":{"line":177,"column":46},"skip":true},"50":{"start":{"line":180,"column":8},"end":{"line":189,"column":10},"skip":true},"51":{"start":{"line":187,"column":12},"end":{"line":187,"column":94},"skip":true},"52":{"start":{"line":188,"column":12},"end":{"line":188,"column":48},"skip":true},"53":{"start":{"line":192,"column":8},"end":{"line":192,"column":35},"skip":true},"54":{"start":{"line":193,"column":8},"end":{"line":193,"column":14},"skip":true}},"branchMap":{"1":{"line":25,"type":"binary-expr","locations":[{"start":{"line":25,"column":23},"end":{"line":25,"column":62}},{"start":{"line":26,"column":20},"end":{"line":26,"column":70}},{"start":{"line":27,"column":20},"end":{"line":27,"column":71}},{"start":{"line":28,"column":20},"end":{"line":28,"column":29}}]},"2":{"line":30,"type":"binary-expr","locations":[{"start":{"line":30,"column":23},"end":{"line":30,"column":37}},{"start":{"line":31,"column":20},"end":{"line":31,"column":61}},{"start":{"line":32,"column":20},"end":{"line":32,"column":70}},{"start":{"line":33,"column":20},"end":{"line":33,"column":26}}]},"3":{"line":37,"type":"cond-expr","locations":[{"start":{"line":38,"column":14},"end":{"line":38,"column":20}},{"start":{"line":39,"column":14},"end":{"line":39,"column":20}}]},"4":{"line":40,"type":"switch","locations":[{"start":{"line":42,"column":8},"end":{"line":47,"column":18}},{"start":{"line":49,"column":8},"end":{"line":52,"column":18}}]},"5":{"line":44,"type":"binary-expr","locations":[{"start":{"line":44,"column":16},"end":{"line":44,"column":44}},{"start":{"line":44,"column":48},"end":{"line":44,"column":66}}]},"6":{"line":50,"type":"binary-expr","locations":[{"start":{"line":50,"column":21},"end":{"line":50,"column":49}},{"start":{"line":50,"column":53},"end":{"line":50,"column":72}}]},"7":{"line":64,"type":"switch","locations":[{"start":{"line":69,"column":4},"end":{"line":70,"column":14}},{"start":{"line":75,"column":4},"end":{"line":76,"column":14}}]},"8":{"line":85,"type":"switch","locations":[{"start":{"line":90,"column":4},"end":{"line":105,"column":14}},{"start":{"line":111,"column":4},"end":{"line":193,"column":14},"skip":true}]},"9":{"line":91,"type":"binary-expr","locations":[{"start":{"line":91,"column":42},"end":{"line":91,"column":73}},{"start":{"line":91,"column":77},"end":{"line":99,"column":9}}]},"10":{"line":102,"type":"binary-expr","locations":[{"start":{"line":102,"column":18},"end":{"line":102,"column":32}},{"start":{"line":103,"column":12},"end":{"line":103,"column":53}},{"start":{"line":104,"column":12},"end":{"line":104,"column":61}}]},"11":{"line":112,"type":"binary-expr","locations":[{"start":{"line":112,"column":45},"end":{"line":112,"column":79},"skip":true},{"start":{"line":112,"column":83},"end":{"line":121,"column":9},"skip":true}]},"12":{"line":123,"type":"binary-expr","locations":[{"start":{"line":123,"column":42},"end":{"line":123,"column":73},"skip":true},{"start":{"line":123,"column":77},"end":{"line":136,"column":9},"skip":true}]},"13":{"line":138,"type":"binary-expr","locations":[{"start":{"line":138,"column":48},"end":{"line":138,"column":85},"skip":true},{"start":{"line":139,"column":12},"end":{"line":145,"column":13},"skip":true}]},"14":{"line":147,"type":"binary-expr","locations":[{"start":{"line":147,"column":42},"end":{"line":147,"column":73},"skip":true},{"start":{"line":147,"column":77},"end":{"line":156,"column":9},"skip":true}]},"15":{"line":158,"type":"binary-expr","locations":[{"start":{"line":158,"column":45},"end":{"line":158,"column":79},"skip":true},{"start":{"line":158,"column":83},"end":{"line":167,"column":9},"skip":true}]},"16":{"line":169,"type":"binary-expr","locations":[{"start":{"line":169,"column":43},"end":{"line":169,"column":75},"skip":true},{"start":{"line":169,"column":79},"end":{"line":178,"column":9},"skip":true}]},"17":{"line":180,"type":"binary-expr","locations":[{"start":{"line":180,"column":41},"end":{"line":180,"column":71},"skip":true},{"start":{"line":180,"column":75},"end":{"line":189,"column":9},"skip":true}]}},"code":["/* istanbul instrument in package npmtest_simplex_noise */","/*jslint","    bitwise: true,","    browser: true,","    maxerr: 8,","    maxlen: 96,","    node: true,","    nomen: true,","    regexp: true,","    stupid: true","*/","(function () {","    'use strict';","    var local;","","","","    // run shared js-env code - pre-init","    (function () {","        // init local","        local = {};","        // init modeJs","        local.modeJs = (function () {","            try {","                return typeof navigator.userAgent === 'string' &&","                    typeof document.querySelector('body') === 'object' &&","                    typeof XMLHttpRequest.prototype.open === 'function' &&","                    'browser';","            } catch (errorCaughtBrowser) {","                return module.exports &&","                    typeof process.versions.node === 'string' &&","                    typeof require('http').createServer === 'function' &&","                    'node';","            }","        }());","        // init global","        local.global = local.modeJs === 'browser'","            ? window","            : global;","        switch (local.modeJs) {","        // re-init local from window.local","        case 'browser':","            local = local.global.utility2.objectSetDefault(","                local.global.utility2_rollup || local.global.local,","                local.global.utility2","            );","            break;","        // re-init local from example.js","        case 'node':","            local = (local.global.utility2_rollup || require('utility2'))","                .requireExampleJsFromReadme();","            break;","        }","        // export local","        local.global.local = local;","    }());","","","","    // run shared js-env code - function","    (function () {","        return;","    }());","    switch (local.modeJs) {","","","","    // run browser js-env code - function","    case 'browser':","        break;","","","","    // run node js-env code - function","    case 'node':","        break;","    }","","","","    // run shared js-env code - post-init","    (function () {","        return;","    }());","    switch (local.modeJs) {","","","","    // run browser js-env code - post-init","    case 'browser':","        local.testCase_browser_nullCase = local.testCase_browser_nullCase || function (","            options,","            onError","        ) {","        /*","         * this function will test browsers's null-case handling-behavior-behavior","         */","            onError(null, options);","        };","","        // run tests","        local.nop(local.modeTest &&","            document.querySelector('#testRunButton1') &&","            document.querySelector('#testRunButton1').click());","        break;","","","","    // run node js-env code - post-init","    /* istanbul ignore next */","    case 'node':","        local.testCase_buildApidoc_default = local.testCase_buildApidoc_default || function (","            options,","            onError","        ) {","        /*","         * this function will test buildApidoc's default handling-behavior-behavior","         */","            options = { modulePathList: module.paths };","            local.buildApidoc(options, onError);","        };","","        local.testCase_buildApp_default = local.testCase_buildApp_default || function (","            options,","            onError","        ) {","        /*","         * this function will test buildApp's default handling-behavior-behavior","         */","            local.testCase_buildReadme_default(options, local.onErrorThrow);","            local.testCase_buildLib_default(options, local.onErrorThrow);","            local.testCase_buildTest_default(options, local.onErrorThrow);","            local.testCase_buildCustomOrg_default(options, local.onErrorThrow);","            options = [];","            local.buildApp(options, onError);","        };","","        local.testCase_buildCustomOrg_default = local.testCase_buildCustomOrg_default ||","            function (options, onError) {","            /*","             * this function will test buildCustomOrg's default handling-behavior","             */","                options = {};","                local.buildCustomOrg(options, onError);","            };","","        local.testCase_buildLib_default = local.testCase_buildLib_default || function (","            options,","            onError","        ) {","        /*","         * this function will test buildLib's default handling-behavior","         */","            options = {};","            local.buildLib(options, onError);","        };","","        local.testCase_buildReadme_default = local.testCase_buildReadme_default || function (","            options,","            onError","        ) {","        /*","         * this function will test buildReadme's default handling-behavior-behavior","         */","            options = {};","            local.buildReadme(options, onError);","        };","","        local.testCase_buildTest_default = local.testCase_buildTest_default || function (","            options,","            onError","        ) {","        /*","         * this function will test buildTest's default handling-behavior","         */","            options = {};","            local.buildTest(options, onError);","        };","","        local.testCase_webpage_default = local.testCase_webpage_default || function (","            options,","            onError","        ) {","        /*","         * this function will test webpage's default handling-behavior","         */","            options = { modeCoverageMerge: true, url: local.serverLocalHost + '?modeTest=1' };","            local.browserTest(options, onError);","        };","","        // run test-server","        local.testRunServer(local);","        break;","    }","}());",""],"l":{"12":2,"14":2,"19":2,"21":2,"23":2,"24":2,"25":2,"30":1,"37":2,"40":2,"43":1,"47":1,"50":1,"52":1,"55":2,"61":2,"62":2,"64":2,"70":1,"76":1,"82":2,"83":2,"85":2,"91":1,"98":1,"102":1,"105":1,"112":1,"119":1,"120":1,"123":1,"130":1,"131":1,"132":1,"133":1,"134":1,"135":1,"138":1,"143":2,"144":2,"147":1,"154":2,"155":2,"158":1,"165":2,"166":2,"169":1,"176":2,"177":2,"180":1,"187":1,"188":1,"192":1,"193":1}},"/home/travis/build/npmtest/node-npmtest-simplex-noise/lib.npmtest_simplex_noise.js":{"path":"/home/travis/build/npmtest/node-npmtest-simplex-noise/lib.npmtest_simplex_noise.js","s":{"1":2,"2":2,"3":2,"4":2,"5":2,"6":2,"7":2,"8":1,"9":2,"10":2,"11":2,"12":2,"13":1,"14":1,"15":1,"16":1},"b":{"1":[2,1,1,1],"2":[1,1,1,1],"3":[1,1],"4":[2,2],"5":[1,1]},"f":{"1":2,"2":2,"3":2},"fnMap":{"1":{"name":"(anonymous_1)","line":12,"loc":{"start":{"line":12,"column":1},"end":{"line":12,"column":13}}},"2":{"name":"(anonymous_2)","line":19,"loc":{"start":{"line":19,"column":5},"end":{"line":19,"column":17}}},"3":{"name":"(anonymous_3)","line":23,"loc":{"start":{"line":23,"column":24},"end":{"line":23,"column":36}}}},"statementMap":{"1":{"start":{"line":12,"column":0},"end":{"line":53,"column":5}},"2":{"start":{"line":14,"column":4},"end":{"line":14,"column":14}},"3":{"start":{"line":19,"column":4},"end":{"line":52,"column":9}},"4":{"start":{"line":21,"column":8},"end":{"line":21,"column":19}},"5":{"start":{"line":23,"column":8},"end":{"line":35,"column":13}},"6":{"start":{"line":24,"column":12},"end":{"line":34,"column":13}},"7":{"start":{"line":25,"column":16},"end":{"line":28,"column":30}},"8":{"start":{"line":30,"column":16},"end":{"line":33,"column":27}},"9":{"start":{"line":37,"column":8},"end":{"line":39,"column":21}},"10":{"start":{"line":41,"column":8},"end":{"line":41,"column":54}},"11":{"start":{"line":43,"column":8},"end":{"line":43,"column":58}},"12":{"start":{"line":45,"column":8},"end":{"line":51,"column":9}},"13":{"start":{"line":46,"column":12},"end":{"line":46,"column":64}},"14":{"start":{"line":48,"column":12},"end":{"line":48,"column":35}},"15":{"start":{"line":49,"column":12},"end":{"line":49,"column":49}},"16":{"start":{"line":50,"column":12},"end":{"line":50,"column":43}}},"branchMap":{"1":{"line":25,"type":"binary-expr","locations":[{"start":{"line":25,"column":23},"end":{"line":25,"column":62}},{"start":{"line":26,"column":20},"end":{"line":26,"column":70}},{"start":{"line":27,"column":20},"end":{"line":27,"column":71}},{"start":{"line":28,"column":20},"end":{"line":28,"column":29}}]},"2":{"line":30,"type":"binary-expr","locations":[{"start":{"line":30,"column":23},"end":{"line":30,"column":37}},{"start":{"line":31,"column":20},"end":{"line":31,"column":61}},{"start":{"line":32,"column":20},"end":{"line":32,"column":70}},{"start":{"line":33,"column":20},"end":{"line":33,"column":26}}]},"3":{"line":37,"type":"cond-expr","locations":[{"start":{"line":38,"column":14},"end":{"line":38,"column":20}},{"start":{"line":39,"column":14},"end":{"line":39,"column":20}}]},"4":{"line":41,"type":"binary-expr","locations":[{"start":{"line":41,"column":16},"end":{"line":41,"column":44}},{"start":{"line":41,"column":48},"end":{"line":41,"column":53}}]},"5":{"line":45,"type":"if","locations":[{"start":{"line":45,"column":8},"end":{"line":45,"column":8}},{"start":{"line":45,"column":8},"end":{"line":45,"column":8}}]}},"code":["/* istanbul instrument in package npmtest_simplex_noise */","/*jslint","    bitwise: true,","    browser: true,","    maxerr: 8,","    maxlen: 96,","    node: true,","    nomen: true,","    regexp: true,","    stupid: true","*/","(function () {","    'use strict';","    var local;","","","","    // run shared js-env code - pre-init","    (function () {","        // init local","        local = {};","        // init modeJs","        local.modeJs = (function () {","            try {","                return typeof navigator.userAgent === 'string' &&","                    typeof document.querySelector('body') === 'object' &&","                    typeof XMLHttpRequest.prototype.open === 'function' &&","                    'browser';","            } catch (errorCaughtBrowser) {","                return module.exports &&","                    typeof process.versions.node === 'string' &&","                    typeof require('http').createServer === 'function' &&","                    'node';","            }","        }());","        // init global","        local.global = local.modeJs === 'browser'","            ? window","            : global;","        // init utility2_rollup","        local = local.global.utility2_rollup || local;","        // init lib","        local.local = local.npmtest_simplex_noise = local;","        // init exports","        if (local.modeJs === 'browser') {","            local.global.utility2_npmtest_simplex_noise = local;","        } else {","            module.exports = local;","            module.exports.__dirname = __dirname;","            module.exports.module = module;","        }","    }());","}());",""],"l":{"12":2,"14":2,"19":2,"21":2,"23":2,"24":2,"25":2,"30":1,"37":2,"41":2,"43":2,"45":2,"46":1,"48":1,"49":1,"50":1}},"/home/travis/build/npmtest/node-npmtest-simplex-noise/example.js":{"path":"/home/travis/build/npmtest/node-npmtest-simplex-noise/example.js","s":{"1":2,"2":2,"3":2,"4":2,"5":2,"6":2,"7":2,"8":1,"9":2,"10":2,"11":2,"12":2,"13":1,"14":2,"15":2,"16":2,"17":2,"18":2,"19":0,"20":2,"21":1,"22":1,"23":1,"24":1,"25":1,"26":0,"27":0,"28":1,"29":1,"30":2,"31":0,"32":0,"33":0,"34":1,"35":2,"36":2,"37":3,"38":3,"39":3,"40":3,"41":0,"42":3,"43":3,"44":3,"45":1,"46":3,"47":1,"48":1,"49":1,"50":1,"51":1,"52":1,"53":1,"54":1,"55":1,"56":1,"57":0,"58":1,"59":6,"60":6,"61":1,"62":2,"63":0,"64":2,"65":1,"66":1,"67":0,"68":0,"69":0,"70":0,"71":0,"72":0,"73":0,"74":0,"75":0,"76":0,"77":0,"78":0,"79":0,"80":0,"81":0,"82":0,"83":0},"b":{"1":[2,1,1,1],"2":[1,1,1,1],"3":[1,1],"4":[2,2],"5":[1,1],"6":[1,1],"7":[2,0],"8":[2,1,1,1,1,1],"9":[0,2,0],"10":[1,1],"11":[2,1,1],"12":[1,0],"13":[0,2],"14":[2,0,0,0,0,0,0],"15":[0,3],"16":[3,0],"17":[1,1],"18":[0,1],"19":[1,2,0,2],"20":[1,0],"21":[1,1],"22":[0,0],"23":[0,0],"24":[0,0],"25":[0,0],"26":[0,0],"27":[0,0],"28":[0,0]},"f":{"1":2,"2":2,"3":2,"4":2,"5":2,"6":2,"7":3,"8":3,"9":3,"10":1,"11":6,"12":0},"fnMap":{"1":{"name":"(anonymous_1)","line":26,"loc":{"start":{"line":26,"column":1},"end":{"line":26,"column":13}}},"2":{"name":"(anonymous_2)","line":33,"loc":{"start":{"line":33,"column":5},"end":{"line":33,"column":17}}},"3":{"name":"(anonymous_3)","line":37,"loc":{"start":{"line":37,"column":24},"end":{"line":37,"column":36}}},"4":{"name":"(anonymous_4)","line":69,"loc":{"start":{"line":69,"column":31},"end":{"line":69,"column":48}},"skip":true},"5":{"name":"(anonymous_5)","line":78,"loc":{"start":{"line":78,"column":26},"end":{"line":78,"column":45}},"skip":true},"6":{"name":"(anonymous_6)","line":123,"loc":{"start":{"line":123,"column":33},"end":{"line":123,"column":48}},"skip":true},"7":{"name":"(anonymous_7)","line":125,"loc":{"start":{"line":125,"column":27},"end":{"line":125,"column":39}},"skip":true},"8":{"name":"(anonymous_8)","line":133,"loc":{"start":{"line":133,"column":59},"end":{"line":133,"column":74}},"skip":true},"9":{"name":"(anonymous_9)","line":143,"loc":{"start":{"line":143,"column":45},"end":{"line":143,"column":62}},"skip":true},"10":{"name":"(anonymous_10)","line":144,"loc":{"start":{"line":144,"column":73},"end":{"line":144,"column":92}},"skip":true},"11":{"name":"(anonymous_11)","line":272,"loc":{"start":{"line":272,"column":51},"end":{"line":272,"column":77}},"skip":true},"12":{"name":"(anonymous_12)","line":315,"loc":{"start":{"line":315,"column":32},"end":{"line":315,"column":61}},"skip":true}},"statementMap":{"1":{"start":{"line":26,"column":0},"end":{"line":326,"column":5}},"2":{"start":{"line":28,"column":4},"end":{"line":28,"column":14}},"3":{"start":{"line":33,"column":4},"end":{"line":60,"column":9}},"4":{"start":{"line":35,"column":8},"end":{"line":35,"column":19}},"5":{"start":{"line":37,"column":8},"end":{"line":49,"column":13}},"6":{"start":{"line":38,"column":12},"end":{"line":48,"column":13}},"7":{"start":{"line":39,"column":16},"end":{"line":42,"column":30}},"8":{"start":{"line":44,"column":16},"end":{"line":47,"column":27}},"9":{"start":{"line":51,"column":8},"end":{"line":53,"column":21}},"10":{"start":{"line":55,"column":8},"end":{"line":57,"column":45}},"11":{"start":{"line":59,"column":8},"end":{"line":59,"column":35}},"12":{"start":{"line":61,"column":4},"end":{"line":325,"column":5}},"13":{"start":{"line":69,"column":8},"end":{"line":121,"column":10},"skip":true},"14":{"start":{"line":70,"column":12},"end":{"line":88,"column":13},"skip":true},"15":{"start":{"line":76,"column":16},"end":{"line":87,"column":19},"skip":true},"16":{"start":{"line":79,"column":20},"end":{"line":86,"column":21},"skip":true},"17":{"start":{"line":82,"column":24},"end":{"line":82,"column":43},"skip":true},"18":{"start":{"line":83,"column":24},"end":{"line":83,"column":30},"skip":true},"19":{"start":{"line":85,"column":24},"end":{"line":85,"column":49},"skip":true},"20":{"start":{"line":89,"column":12},"end":{"line":107,"column":13},"skip":true},"21":{"start":{"line":92,"column":16},"end":{"line":102,"column":17},"skip":true},"22":{"start":{"line":93,"column":20},"end":{"line":93,"column":86},"skip":true},"23":{"start":{"line":94,"column":20},"end":{"line":95,"column":45},"skip":true},"24":{"start":{"line":96,"column":20},"end":{"line":96,"column":42},"skip":true},"25":{"start":{"line":97,"column":20},"end":{"line":97,"column":48},"skip":true},"26":{"start":{"line":100,"column":20},"end":{"line":100,"column":85},"skip":true},"27":{"start":{"line":101,"column":20},"end":{"line":101,"column":96},"skip":true},"28":{"start":{"line":103,"column":16},"end":{"line":103,"column":22},"skip":true},"29":{"start":{"line":106,"column":16},"end":{"line":106,"column":22},"skip":true},"30":{"start":{"line":108,"column":12},"end":{"line":120,"column":13},"skip":true},"31":{"start":{"line":114,"column":16},"end":{"line":119,"column":17},"skip":true},"32":{"start":{"line":116,"column":20},"end":{"line":116,"column":78},"skip":true},"33":{"start":{"line":118,"column":20},"end":{"line":118,"column":47},"skip":true},"34":{"start":{"line":123,"column":8},"end":{"line":141,"column":11},"skip":true},"35":{"start":{"line":124,"column":12},"end":{"line":124,"column":54},"skip":true},"36":{"start":{"line":125,"column":12},"end":{"line":140,"column":14},"skip":true},"37":{"start":{"line":126,"column":16},"end":{"line":126,"column":28},"skip":true},"38":{"start":{"line":127,"column":16},"end":{"line":127,"column":69},"skip":true},"39":{"start":{"line":128,"column":16},"end":{"line":128,"column":75},"skip":true},"40":{"start":{"line":129,"column":16},"end":{"line":131,"column":17},"skip":true},"41":{"start":{"line":130,"column":20},"end":{"line":130,"column":27},"skip":true},"42":{"start":{"line":133,"column":16},"end":{"line":137,"column":36},"skip":true},"43":{"start":{"line":134,"column":20},"end":{"line":136,"column":55},"skip":true},"44":{"start":{"line":139,"column":16},"end":{"line":139,"column":57},"skip":true},"45":{"start":{"line":143,"column":8},"end":{"line":147,"column":11},"skip":true},"46":{"start":{"line":144,"column":12},"end":{"line":146,"column":15},"skip":true},"47":{"start":{"line":145,"column":16},"end":{"line":145,"column":70},"skip":true},"48":{"start":{"line":149,"column":8},"end":{"line":149,"column":31},"skip":true},"49":{"start":{"line":150,"column":8},"end":{"line":150,"column":14},"skip":true},"50":{"start":{"line":158,"column":8},"end":{"line":158,"column":31},"skip":true},"51":{"start":{"line":160,"column":8},"end":{"line":160,"column":33},"skip":true},"52":{"start":{"line":161,"column":8},"end":{"line":161,"column":37},"skip":true},"53":{"start":{"line":162,"column":8},"end":{"line":162,"column":35},"skip":true},"54":{"start":{"line":164,"column":8},"end":{"line":164,"column":50},"skip":true},"55":{"start":{"line":166,"column":8},"end":{"line":256,"column":2},"skip":true},"56":{"start":{"line":258,"column":8},"end":{"line":286,"column":9},"skip":true},"57":{"start":{"line":259,"column":12},"end":{"line":269,"column":14},"skip":true},"58":{"start":{"line":271,"column":12},"end":{"line":285,"column":19},"skip":true},"59":{"start":{"line":274,"column":20},"end":{"line":274,"column":35},"skip":true},"60":{"start":{"line":275,"column":20},"end":{"line":284,"column":21},"skip":true},"61":{"start":{"line":277,"column":24},"end":{"line":277,"column":64},"skip":true},"62":{"start":{"line":279,"column":24},"end":{"line":279,"column":40},"skip":true},"63":{"start":{"line":281,"column":24},"end":{"line":281,"column":40},"skip":true},"64":{"start":{"line":283,"column":24},"end":{"line":283,"column":39},"skip":true},"65":{"start":{"line":288,"column":8},"end":{"line":290,"column":9},"skip":true},"66":{"start":{"line":289,"column":12},"end":{"line":289,"column":18},"skip":true},"67":{"start":{"line":291,"column":8},"end":{"line":293,"column":54},"skip":true},"68":{"start":{"line":296,"column":8},"end":{"line":301,"column":37},"skip":true},"69":{"start":{"line":303,"column":8},"end":{"line":303,"column":82},"skip":true},"70":{"start":{"line":306,"column":8},"end":{"line":308,"column":9},"skip":true},"71":{"start":{"line":307,"column":12},"end":{"line":307,"column":82},"skip":true},"72":{"start":{"line":310,"column":8},"end":{"line":312,"column":9},"skip":true},"73":{"start":{"line":311,"column":12},"end":{"line":311,"column":18},"skip":true},"74":{"start":{"line":313,"column":8},"end":{"line":313,"column":54},"skip":true},"75":{"start":{"line":314,"column":8},"end":{"line":314,"column":69},"skip":true},"76":{"start":{"line":315,"column":8},"end":{"line":323,"column":36},"skip":true},"77":{"start":{"line":316,"column":12},"end":{"line":316,"column":61},"skip":true},"78":{"start":{"line":317,"column":12},"end":{"line":320,"column":13},"skip":true},"79":{"start":{"line":318,"column":16},"end":{"line":318,"column":75},"skip":true},"80":{"start":{"line":319,"column":16},"end":{"line":319,"column":23},"skip":true},"81":{"start":{"line":321,"column":12},"end":{"line":321,"column":38},"skip":true},"82":{"start":{"line":322,"column":12},"end":{"line":322,"column":27},"skip":true},"83":{"start":{"line":324,"column":8},"end":{"line":324,"column":14},"skip":true}},"branchMap":{"1":{"line":39,"type":"binary-expr","locations":[{"start":{"line":39,"column":23},"end":{"line":39,"column":62}},{"start":{"line":40,"column":20},"end":{"line":40,"column":70}},{"start":{"line":41,"column":20},"end":{"line":41,"column":71}},{"start":{"line":42,"column":20},"end":{"line":42,"column":29}}]},"2":{"line":44,"type":"binary-expr","locations":[{"start":{"line":44,"column":23},"end":{"line":44,"column":37}},{"start":{"line":45,"column":20},"end":{"line":45,"column":61}},{"start":{"line":46,"column":20},"end":{"line":46,"column":70}},{"start":{"line":47,"column":20},"end":{"line":47,"column":26}}]},"3":{"line":51,"type":"cond-expr","locations":[{"start":{"line":52,"column":14},"end":{"line":52,"column":20}},{"start":{"line":53,"column":14},"end":{"line":53,"column":20}}]},"4":{"line":55,"type":"binary-expr","locations":[{"start":{"line":55,"column":16},"end":{"line":55,"column":44}},{"start":{"line":55,"column":49},"end":{"line":57,"column":43}}]},"5":{"line":55,"type":"cond-expr","locations":[{"start":{"line":56,"column":14},"end":{"line":56,"column":57}},{"start":{"line":57,"column":14},"end":{"line":57,"column":43}}]},"6":{"line":61,"type":"switch","locations":[{"start":{"line":68,"column":4},"end":{"line":150,"column":14},"skip":true},{"start":{"line":156,"column":4},"end":{"line":324,"column":14},"skip":true}]},"7":{"line":70,"type":"if","locations":[{"start":{"line":70,"column":12},"end":{"line":70,"column":12},"skip":true},{"start":{"line":70,"column":12},"end":{"line":70,"column":12},"skip":true}]},"8":{"line":70,"type":"binary-expr","locations":[{"start":{"line":70,"column":16},"end":{"line":70,"column":22},"skip":true},{"start":{"line":70,"column":27},"end":{"line":70,"column":32},"skip":true},{"start":{"line":71,"column":20},"end":{"line":71,"column":39},"skip":true},{"start":{"line":72,"column":20},"end":{"line":72,"column":49},"skip":true},{"start":{"line":73,"column":20},"end":{"line":73,"column":58},"skip":true},{"start":{"line":74,"column":20},"end":{"line":74,"column":69},"skip":true}]},"9":{"line":79,"type":"switch","locations":[{"start":{"line":80,"column":20},"end":{"line":80,"column":33},"skip":true},{"start":{"line":81,"column":20},"end":{"line":83,"column":30},"skip":true},{"start":{"line":84,"column":20},"end":{"line":85,"column":49},"skip":true}]},"10":{"line":89,"type":"switch","locations":[{"start":{"line":90,"column":12},"end":{"line":103,"column":22},"skip":true},{"start":{"line":105,"column":12},"end":{"line":106,"column":22},"skip":true}]},"11":{"line":89,"type":"binary-expr","locations":[{"start":{"line":89,"column":20},"end":{"line":89,"column":25},"skip":true},{"start":{"line":89,"column":29},"end":{"line":89,"column":48},"skip":true},{"start":{"line":89,"column":52},"end":{"line":89,"column":74},"skip":true}]},"12":{"line":92,"type":"if","locations":[{"start":{"line":92,"column":16},"end":{"line":92,"column":16},"skip":true},{"start":{"line":92,"column":16},"end":{"line":92,"column":16},"skip":true}]},"13":{"line":108,"type":"if","locations":[{"start":{"line":108,"column":12},"end":{"line":108,"column":12},"skip":true},{"start":{"line":108,"column":12},"end":{"line":108,"column":12},"skip":true}]},"14":{"line":108,"type":"binary-expr","locations":[{"start":{"line":108,"column":16},"end":{"line":108,"column":61},"skip":true},{"start":{"line":108,"column":66},"end":{"line":108,"column":72},"skip":true},{"start":{"line":108,"column":77},"end":{"line":108,"column":82},"skip":true},{"start":{"line":109,"column":20},"end":{"line":109,"column":39},"skip":true},{"start":{"line":110,"column":20},"end":{"line":110,"column":49},"skip":true},{"start":{"line":111,"column":20},"end":{"line":111,"column":58},"skip":true},{"start":{"line":112,"column":20},"end":{"line":112,"column":68},"skip":true}]},"15":{"line":129,"type":"if","locations":[{"start":{"line":129,"column":16},"end":{"line":129,"column":16},"skip":true},{"start":{"line":129,"column":16},"end":{"line":129,"column":16},"skip":true}]},"16":{"line":134,"type":"cond-expr","locations":[{"start":{"line":135,"column":26},"end":{"line":135,"column":29},"skip":true},{"start":{"line":136,"column":26},"end":{"line":136,"column":54},"skip":true}]},"17":{"line":164,"type":"binary-expr","locations":[{"start":{"line":164,"column":27},"end":{"line":164,"column":43},"skip":true},{"start":{"line":164,"column":47},"end":{"line":164,"column":49},"skip":true}]},"18":{"line":258,"type":"if","locations":[{"start":{"line":258,"column":8},"end":{"line":258,"column":8},"skip":true},{"start":{"line":258,"column":8},"end":{"line":258,"column":8},"skip":true}]},"19":{"line":275,"type":"switch","locations":[{"start":{"line":276,"column":20},"end":{"line":277,"column":64},"skip":true},{"start":{"line":278,"column":20},"end":{"line":279,"column":40},"skip":true},{"start":{"line":280,"column":20},"end":{"line":281,"column":40},"skip":true},{"start":{"line":282,"column":20},"end":{"line":283,"column":39},"skip":true}]},"20":{"line":288,"type":"if","locations":[{"start":{"line":288,"column":8},"end":{"line":288,"column":8},"skip":true},{"start":{"line":288,"column":8},"end":{"line":288,"column":8},"skip":true}]},"21":{"line":288,"type":"binary-expr","locations":[{"start":{"line":288,"column":12},"end":{"line":288,"column":40},"skip":true},{"start":{"line":288,"column":44},"end":{"line":288,"column":67},"skip":true}]},"22":{"line":292,"type":"binary-expr","locations":[{"start":{"line":292,"column":12},"end":{"line":292,"column":50},"skip":true},{"start":{"line":293,"column":12},"end":{"line":293,"column":53},"skip":true}]},"23":{"line":297,"type":"binary-expr","locations":[{"start":{"line":297,"column":12},"end":{"line":297,"column":71},"skip":true},{"start":{"line":298,"column":12},"end":{"line":301,"column":36},"skip":true}]},"24":{"line":303,"type":"binary-expr","locations":[{"start":{"line":303,"column":43},"end":{"line":303,"column":75},"skip":true},{"start":{"line":303,"column":79},"end":{"line":303,"column":81},"skip":true}]},"25":{"line":306,"type":"if","locations":[{"start":{"line":306,"column":8},"end":{"line":306,"column":8},"skip":true},{"start":{"line":306,"column":8},"end":{"line":306,"column":8},"skip":true}]},"26":{"line":310,"type":"if","locations":[{"start":{"line":310,"column":8},"end":{"line":310,"column":8},"skip":true},{"start":{"line":310,"column":8},"end":{"line":310,"column":8},"skip":true}]},"27":{"line":313,"type":"binary-expr","locations":[{"start":{"line":313,"column":27},"end":{"line":313,"column":43},"skip":true},{"start":{"line":313,"column":47},"end":{"line":313,"column":53},"skip":true}]},"28":{"line":317,"type":"if","locations":[{"start":{"line":317,"column":12},"end":{"line":317,"column":12},"skip":true},{"start":{"line":317,"column":12},"end":{"line":317,"column":12},"skip":true}]}},"code":["/*","example.js","","quickstart example","","instruction","    1. save this script as example.js","    2. run the shell command:","        $ npm install npmtest-simplex-noise && PORT=8081 node example.js","    3. play with the browser-demo on http://127.0.0.1:8081","*/","","","","/* istanbul instrument in package npmtest_simplex_noise */","/*jslint","    bitwise: true,","    browser: true,","    maxerr: 8,","    maxlen: 96,","    node: true,","    nomen: true,","    regexp: true,","    stupid: true","*/","(function () {","    'use strict';","    var local;","","","","    // run shared js-env code - pre-init","    (function () {","        // init local","        local = {};","        // init modeJs","        local.modeJs = (function () {","            try {","                return typeof navigator.userAgent === 'string' &&","                    typeof document.querySelector('body') === 'object' &&","                    typeof XMLHttpRequest.prototype.open === 'function' &&","                    'browser';","            } catch (errorCaughtBrowser) {","                return module.exports &&","                    typeof process.versions.node === 'string' &&","                    typeof require('http').createServer === 'function' &&","                    'node';","            }","        }());","        // init global","        local.global = local.modeJs === 'browser'","            ? window","            : global;","        // init utility2_rollup","        local = local.global.utility2_rollup || (local.modeJs === 'browser'","            ? local.global.utility2_npmtest_simplex_noise","            : global.utility2_moduleExports);","        // export local","        local.global.local = local;","    }());","    switch (local.modeJs) {","","","","    // post-init","    // run browser js-env code - post-init","    /* istanbul ignore next */","    case 'browser':","        local.testRunBrowser = function (event) {","            if (!event || (event &&","                    event.currentTarget &&","                    event.currentTarget.className &&","                    event.currentTarget.className.includes &&","                    event.currentTarget.className.includes('onreset'))) {","                // reset output","                Array.from(","                    document.querySelectorAll('body > .resettable')","                ).forEach(function (element) {","                    switch (element.tagName) {","                    case 'INPUT':","                    case 'TEXTAREA':","                        element.value = '';","                        break;","                    default:","                        element.textContent = '';","                    }","                });","            }","            switch (event && event.currentTarget && event.currentTarget.id) {","            case 'testRunButton1':","                // show tests","                if (document.querySelector('#testReportDiv1').style.display === 'none') {","                    document.querySelector('#testReportDiv1').style.display = 'block';","                    document.querySelector('#testRunButton1').textContent =","                        'hide internal test';","                    local.modeTest = true;","                    local.testRunDefault(local);","                // hide tests","                } else {","                    document.querySelector('#testReportDiv1').style.display = 'none';","                    document.querySelector('#testRunButton1').textContent = 'run internal test';","                }","                break;","            // custom-case","            default:","                break;","            }","            if (document.querySelector('#inputTextareaEval1') && (!event || (event &&","                    event.currentTarget &&","                    event.currentTarget.className &&","                    event.currentTarget.className.includes &&","                    event.currentTarget.className.includes('oneval')))) {","                // try to eval input-code","                try {","                    /*jslint evil: true*/","                    eval(document.querySelector('#inputTextareaEval1').value);","                } catch (errorCaught) {","                    console.error(errorCaught);","                }","            }","        };","        // log stderr and stdout to #outputTextareaStdout1","        ['error', 'log'].forEach(function (key) {","            console[key + '_original'] = console[key];","            console[key] = function () {","                var element;","                console[key + '_original'].apply(console, arguments);","                element = document.querySelector('#outputTextareaStdout1');","                if (!element) {","                    return;","                }","                // append text to #outputTextareaStdout1","                element.value += Array.from(arguments).map(function (arg) {","                    return typeof arg === 'string'","                        ? arg","                        : JSON.stringify(arg, null, 4);","                }).join(' ') + '\\n';","                // scroll textarea to bottom","                element.scrollTop = element.scrollHeight;","            };","        });","        // init event-handling","        ['change', 'click', 'keyup'].forEach(function (event) {","            Array.from(document.querySelectorAll('.on' + event)).forEach(function (element) {","                element.addEventListener(event, local.testRunBrowser);","            });","        });","        // run tests","        local.testRunBrowser();","        break;","","","","    // run node js-env code - post-init","    /* istanbul ignore next */","    case 'node':","        // export local","        module.exports = local;","        // require modules","        local.fs = require('fs');","        local.http = require('http');","        local.url = require('url');","        // init assets","        local.assetsDict = local.assetsDict || {};","        /* jslint-ignore-begin */","        local.assetsDict['/assets.index.template.html'] = '\\","<!doctype html>\\n\\","<html lang=\"en\">\\n\\","<head>\\n\\","<meta charset=\"UTF-8\">\\n\\","<meta name=\"viewport\" content=\"width=device-width, initial-scale=1\">\\n\\","<title>{{env.npm_package_name}} (v{{env.npm_package_version}})</title>\\n\\","<style>\\n\\","/*csslint\\n\\","    box-sizing: false,\\n\\","    universal-selector: false\\n\\","*/\\n\\","* {\\n\\","    box-sizing: border-box;\\n\\","}\\n\\","body {\\n\\","    background: #dde;\\n\\","    font-family: Arial, Helvetica, sans-serif;\\n\\","    margin: 2rem;\\n\\","}\\n\\","body > * {\\n\\","    margin-bottom: 1rem;\\n\\","}\\n\\",".utility2FooterDiv {\\n\\","    margin-top: 20px;\\n\\","    text-align: center;\\n\\","}\\n\\","</style>\\n\\","<style>\\n\\","/*csslint\\n\\","*/\\n\\","textarea {\\n\\","    font-family: monospace;\\n\\","    height: 10rem;\\n\\","    width: 100%;\\n\\","}\\n\\","textarea[readonly] {\\n\\","    background: #ddd;\\n\\","}\\n\\","</style>\\n\\","</head>\\n\\","<body>\\n\\","<!-- utility2-comment\\n\\","<div id=\"ajaxProgressDiv1\" style=\"background: #d00; height: 2px; left: 0; margin: 0; padding: 0; position: fixed; top: 0; transition: background 0.5s, width 1.5s; width: 25%;\"></div>\\n\\","utility2-comment -->\\n\\","<h1>\\n\\","<!-- utility2-comment\\n\\","    <a\\n\\","        {{#if env.npm_package_homepage}}\\n\\","        href=\"{{env.npm_package_homepage}}\"\\n\\","        {{/if env.npm_package_homepage}}\\n\\","        target=\"_blank\"\\n\\","    >\\n\\","utility2-comment -->\\n\\","        {{env.npm_package_name}} (v{{env.npm_package_version}})\\n\\","<!-- utility2-comment\\n\\","    </a>\\n\\","utility2-comment -->\\n\\","</h1>\\n\\","<h3>{{env.npm_package_description}}</h3>\\n\\","<!-- utility2-comment\\n\\","<h4><a download href=\"assets.app.js\">download standalone app</a></h4>\\n\\","<button class=\"onclick onreset\" id=\"testRunButton1\">run internal test</button><br>\\n\\","<div id=\"testReportDiv1\" style=\"display: none;\"></div>\\n\\","utility2-comment -->\\n\\","\\n\\","\\n\\","\\n\\","<label>stderr and stdout</label>\\n\\","<textarea class=\"resettable\" id=\"outputTextareaStdout1\" readonly></textarea>\\n\\","<!-- utility2-comment\\n\\","{{#if isRollup}}\\n\\","<script src=\"assets.app.js\"></script>\\n\\","{{#unless isRollup}}\\n\\","utility2-comment -->\\n\\","<script src=\"assets.utility2.rollup.js\"></script>\\n\\","<script src=\"jsonp.utility2._stateInit?callback=window.utility2._stateInit\"></script>\\n\\","<script src=\"assets.npmtest_simplex_noise.rollup.js\"></script>\\n\\","<script src=\"assets.example.js\"></script>\\n\\","<script src=\"assets.test.js\"></script>\\n\\","<!-- utility2-comment\\n\\","{{/if isRollup}}\\n\\","utility2-comment -->\\n\\","<div class=\"utility2FooterDiv\">\\n\\","    [ this app was created with\\n\\","    <a href=\"https://github.com/kaizhu256/node-utility2\" target=\"_blank\">utility2</a>\\n\\","    ]\\n\\","</div>\\n\\","</body>\\n\\","</html>\\n\\","';","        /* jslint-ignore-end */","        if (local.templateRender) {","            local.assetsDict['/'] = local.templateRender(","                local.assetsDict['/assets.index.template.html'],","                {","                    env: local.objectSetDefault(local.env, {","                        npm_package_description: 'the greatest app in the world!',","                        npm_package_name: 'my-app',","                        npm_package_nameAlias: 'my_app',","                        npm_package_version: '0.0.1'","                    })","                }","            );","        } else {","            local.assetsDict['/'] = local.assetsDict['/assets.index.template.html']","                .replace((/\\{\\{env\\.(\\w+?)\\}\\}/g), function (match0, match1) {","                    // jslint-hack","                    String(match0);","                    switch (match1) {","                    case 'npm_package_description':","                        return 'the greatest app in the world!';","                    case 'npm_package_name':","                        return 'my-app';","                    case 'npm_package_nameAlias':","                        return 'my_app';","                    case 'npm_package_version':","                        return '0.0.1';","                    }","                });","        }","        // run the cli","        if (local.global.utility2_rollup || module !== require.main) {","            break;","        }","        local.assetsDict['/assets.example.js'] =","            local.assetsDict['/assets.example.js'] ||","            local.fs.readFileSync(__filename, 'utf8');","        // bug-workaround - long $npm_package_buildCustomOrg","        /* jslint-ignore-begin */","        local.assetsDict['/assets.npmtest_simplex_noise.rollup.js'] =","            local.assetsDict['/assets.npmtest_simplex_noise.rollup.js'] ||","            local.fs.readFileSync(","                local.npmtest_simplex_noise.__dirname + '/lib.npmtest_simplex_noise.js',","                'utf8'","            ).replace((/^#!/), '//');","        /* jslint-ignore-end */","        local.assetsDict['/favicon.ico'] = local.assetsDict['/favicon.ico'] || '';","        // if $npm_config_timeout_exit exists,","        // then exit this process after $npm_config_timeout_exit ms","        if (Number(process.env.npm_config_timeout_exit)) {","            setTimeout(process.exit, Number(process.env.npm_config_timeout_exit));","        }","        // start server","        if (local.global.utility2_serverHttp1) {","            break;","        }","        process.env.PORT = process.env.PORT || '8081';","        console.error('server starting on port ' + process.env.PORT);","        local.http.createServer(function (request, response) {","            request.urlParsed = local.url.parse(request.url);","            if (local.assetsDict[request.urlParsed.pathname] !== undefined) {","                response.end(local.assetsDict[request.urlParsed.pathname]);","                return;","            }","            response.statusCode = 404;","            response.end();","        }).listen(process.env.PORT);","        break;","    }","}());",""],"l":{"26":2,"28":2,"33":2,"35":2,"37":2,"38":2,"39":2,"44":1,"51":2,"55":2,"59":2,"61":2,"69":1,"70":2,"76":2,"79":2,"82":2,"83":2,"85":1,"89":2,"92":1,"93":1,"94":1,"96":1,"97":1,"100":1,"101":1,"103":1,"106":1,"108":2,"114":1,"116":1,"118":1,"123":1,"124":2,"125":2,"126":3,"127":3,"128":3,"129":3,"130":1,"133":3,"134":3,"139":3,"143":1,"144":3,"145":1,"149":1,"150":1,"158":1,"160":1,"161":1,"162":1,"164":1,"166":1,"258":1,"259":1,"271":1,"274":6,"275":6,"277":1,"279":2,"281":1,"283":2,"288":1,"289":1,"291":1,"296":1,"303":1,"306":1,"307":1,"310":1,"311":1,"313":1,"314":1,"315":1,"316":1,"317":1,"318":1,"319":1,"321":1,"322":1,"324":1}},"/home/travis/build/npmtest/node-npmtest-simplex-noise/node_modules/simplex-noise/simplex-noise.js":{"path":"/home/travis/build/npmtest/node-npmtest-simplex-noise/node_modules/simplex-noise/simplex-noise.js","s":{"1":1,"2":1,"3":1,"4":1,"5":1,"6":1,"7":1,"8":1,"9":0,"10":0,"11":0,"12":0,"13":0,"14":0,"15":0,"16":0,"17":1,"18":0,"19":0,"20":0,"21":0,"22":0,"23":0,"24":0,"25":0,"26":0,"27":0,"28":0,"29":0,"30":0,"31":0,"32":0,"33":0,"34":0,"35":0,"36":0,"37":0,"38":0,"39":0,"40":0,"41":0,"42":0,"43":0,"44":0,"45":0,"46":0,"47":0,"48":0,"49":0,"50":0,"51":0,"52":0,"53":0,"54":0,"55":0,"56":0,"57":0,"58":0,"59":0,"60":0,"61":0,"62":0,"63":0,"64":0,"65":0,"66":0,"67":0,"68":0,"69":0,"70":0,"71":0,"72":0,"73":0,"74":0,"75":0,"76":0,"77":0,"78":0,"79":0,"80":0,"81":0,"82":0,"83":0,"84":0,"85":0,"86":0,"87":0,"88":0,"89":0,"90":0,"91":0,"92":0,"93":0,"94":0,"95":0,"96":0,"97":0,"98":0,"99":0,"100":0,"101":0,"102":0,"103":0,"104":0,"105":0,"106":0,"107":0,"108":0,"109":0,"110":0,"111":0,"112":0,"113":0,"114":0,"115":0,"116":0,"117":0,"118":0,"119":0,"120":0,"121":0,"122":0,"123":0,"124":0,"125":0,"126":0,"127":0,"128":0,"129":0,"130":0,"131":0,"132":0,"133":0,"134":0,"135":0,"136":0,"137":0,"138":0,"139":0,"140":0,"141":0,"142":0,"143":0,"144":0,"145":0,"146":0,"147":0,"148":0,"149":0,"150":0,"151":0,"152":0,"153":0,"154":0,"155":0,"156":0,"157":0,"158":0,"159":0,"160":0,"161":0,"162":0,"163":0,"164":0,"165":0,"166":0,"167":0,"168":0,"169":0,"170":0,"171":0,"172":0,"173":0,"174":0,"175":0,"176":0,"177":0,"178":0,"179":0,"180":0,"181":0,"182":0,"183":0,"184":0,"185":0,"186":0,"187":0,"188":0,"189":0,"190":0,"191":0,"192":0,"193":0,"194":0,"195":0,"196":0,"197":0,"198":0,"199":0,"200":0,"201":0,"202":0,"203":0,"204":0,"205":0,"206":0,"207":0,"208":0,"209":0,"210":0,"211":0,"212":0,"213":0,"214":0,"215":0,"216":0,"217":0,"218":0,"219":0,"220":0,"221":0,"222":0,"223":0,"224":0,"225":0,"226":0,"227":0,"228":0,"229":0,"230":0,"231":0,"232":0,"233":0,"234":0,"235":0,"236":0,"237":0,"238":0,"239":0,"240":0,"241":0,"242":0,"243":0,"244":0,"245":0,"246":0,"247":0,"248":0,"249":0,"250":0,"251":0,"252":0,"253":0,"254":0,"255":0,"256":0,"257":0,"258":0,"259":0,"260":0,"261":1,"262":0,"263":0,"264":0,"265":0,"266":0,"267":0,"268":0,"269":0,"270":0,"271":0,"272":1,"273":1,"274":0,"275":0,"276":1,"277":1,"278":0,"279":0,"280":1,"281":1},"b":{"1":[0,0],"2":[0,0],"3":[0,0],"4":[0,0],"5":[0,0],"6":[0,0],"7":[0,0],"8":[0,0],"9":[0,0],"10":[0,0],"11":[0,0],"12":[0,0],"13":[0,0],"14":[0,0],"15":[0,0],"16":[0,0],"17":[0,0],"18":[0,0],"19":[0,0],"20":[0,0],"21":[0,0],"22":[0,0],"23":[0,0],"24":[0,0],"25":[0,0],"26":[0,0],"27":[0,0],"28":[0,0],"29":[0,0],"30":[0,0],"31":[0,0],"32":[0,0],"33":[0,0],"34":[0,0],"35":[0,0],"36":[0,0],"37":[0,0],"38":[0,1],"39":[1,0],"40":[1,0],"41":[0,0],"42":[1,0]},"f":{"1":1,"2":0,"3":0,"4":0,"5":0,"6":0,"7":0},"fnMap":{"1":{"name":"(anonymous_1)","line":32,"loc":{"start":{"line":32,"column":1},"end":{"line":32,"column":12}}},"2":{"name":"SimplexNoise","line":42,"loc":{"start":{"line":42,"column":0},"end":{"line":42,"column":30}}},"3":{"name":"(anonymous_3)","line":77,"loc":{"start":{"line":77,"column":13},"end":{"line":77,"column":32}}},"4":{"name":"(anonymous_4)","line":138,"loc":{"start":{"line":138,"column":13},"end":{"line":138,"column":37}}},"5":{"name":"(anonymous_5)","line":262,"loc":{"start":{"line":262,"column":13},"end":{"line":262,"column":34}}},"6":{"name":"buildPermutationTable","line":389,"loc":{"start":{"line":389,"column":0},"end":{"line":389,"column":39}}},"7":{"name":"(anonymous_7)","line":406,"loc":{"start":{"line":406,"column":56},"end":{"line":406,"column":67}}}},"statementMap":{"1":{"start":{"line":32,"column":0},"end":{"line":416,"column":5}},"2":{"start":{"line":35,"column":0},"end":{"line":35,"column":38}},"3":{"start":{"line":36,"column":0},"end":{"line":36,"column":38}},"4":{"start":{"line":37,"column":0},"end":{"line":37,"column":19}},"5":{"start":{"line":38,"column":0},"end":{"line":38,"column":19}},"6":{"start":{"line":39,"column":0},"end":{"line":39,"column":38}},"7":{"start":{"line":40,"column":0},"end":{"line":40,"column":39}},"8":{"start":{"line":42,"column":0},"end":{"line":52,"column":1}},"9":{"start":{"line":43,"column":2},"end":{"line":43,"column":36}},"10":{"start":{"line":43,"column":15},"end":{"line":43,"column":36}},"11":{"start":{"line":44,"column":2},"end":{"line":44,"column":41}},"12":{"start":{"line":45,"column":2},"end":{"line":45,"column":34}},"13":{"start":{"line":46,"column":2},"end":{"line":46,"column":39}},"14":{"start":{"line":47,"column":2},"end":{"line":50,"column":3}},"15":{"start":{"line":48,"column":4},"end":{"line":48,"column":35}},"16":{"start":{"line":49,"column":4},"end":{"line":49,"column":42}},"17":{"start":{"line":53,"column":0},"end":{"line":387,"column":4}},"18":{"start":{"line":78,"column":8},"end":{"line":78,"column":39}},"19":{"start":{"line":79,"column":8},"end":{"line":79,"column":29}},"20":{"start":{"line":80,"column":8},"end":{"line":80,"column":31}},"21":{"start":{"line":81,"column":8},"end":{"line":81,"column":19}},"22":{"start":{"line":82,"column":8},"end":{"line":82,"column":19}},"23":{"start":{"line":83,"column":8},"end":{"line":83,"column":19}},"24":{"start":{"line":85,"column":8},"end":{"line":85,"column":33}},"25":{"start":{"line":86,"column":8},"end":{"line":86,"column":36}},"26":{"start":{"line":87,"column":8},"end":{"line":87,"column":36}},"27":{"start":{"line":88,"column":8},"end":{"line":88,"column":29}},"28":{"start":{"line":89,"column":8},"end":{"line":89,"column":23}},"29":{"start":{"line":90,"column":8},"end":{"line":90,"column":23}},"30":{"start":{"line":91,"column":8},"end":{"line":91,"column":26}},"31":{"start":{"line":92,"column":8},"end":{"line":92,"column":26}},"32":{"start":{"line":95,"column":8},"end":{"line":95,"column":19}},"33":{"start":{"line":96,"column":8},"end":{"line":103,"column":9}},"34":{"start":{"line":97,"column":10},"end":{"line":97,"column":17}},"35":{"start":{"line":98,"column":10},"end":{"line":98,"column":17}},"36":{"start":{"line":101,"column":10},"end":{"line":101,"column":17}},"37":{"start":{"line":102,"column":10},"end":{"line":102,"column":17}},"38":{"start":{"line":107,"column":8},"end":{"line":107,"column":30}},"39":{"start":{"line":108,"column":8},"end":{"line":108,"column":30}},"40":{"start":{"line":109,"column":8},"end":{"line":109,"column":37}},"41":{"start":{"line":110,"column":8},"end":{"line":110,"column":37}},"42":{"start":{"line":112,"column":8},"end":{"line":112,"column":25}},"43":{"start":{"line":113,"column":8},"end":{"line":113,"column":25}},"44":{"start":{"line":115,"column":8},"end":{"line":115,"column":41}},"45":{"start":{"line":116,"column":8},"end":{"line":120,"column":9}},"46":{"start":{"line":117,"column":10},"end":{"line":117,"column":49}},"47":{"start":{"line":118,"column":10},"end":{"line":118,"column":19}},"48":{"start":{"line":119,"column":10},"end":{"line":119,"column":65}},"49":{"start":{"line":121,"column":8},"end":{"line":121,"column":41}},"50":{"start":{"line":122,"column":8},"end":{"line":126,"column":9}},"51":{"start":{"line":123,"column":10},"end":{"line":123,"column":59}},"52":{"start":{"line":124,"column":10},"end":{"line":124,"column":19}},"53":{"start":{"line":125,"column":10},"end":{"line":125,"column":65}},"54":{"start":{"line":127,"column":8},"end":{"line":127,"column":41}},"55":{"start":{"line":128,"column":8},"end":{"line":132,"column":9}},"56":{"start":{"line":129,"column":10},"end":{"line":129,"column":57}},"57":{"start":{"line":130,"column":10},"end":{"line":130,"column":19}},"58":{"start":{"line":131,"column":10},"end":{"line":131,"column":65}},"59":{"start":{"line":135,"column":8},"end":{"line":135,"column":37}},"60":{"start":{"line":139,"column":8},"end":{"line":139,"column":39}},"61":{"start":{"line":140,"column":8},"end":{"line":140,"column":29}},"62":{"start":{"line":141,"column":8},"end":{"line":141,"column":31}},"63":{"start":{"line":142,"column":8},"end":{"line":142,"column":27}},"64":{"start":{"line":144,"column":8},"end":{"line":144,"column":39}},"65":{"start":{"line":145,"column":8},"end":{"line":145,"column":36}},"66":{"start":{"line":146,"column":8},"end":{"line":146,"column":36}},"67":{"start":{"line":147,"column":8},"end":{"line":147,"column":36}},"68":{"start":{"line":148,"column":8},"end":{"line":148,"column":33}},"69":{"start":{"line":149,"column":8},"end":{"line":149,"column":23}},"70":{"start":{"line":150,"column":8},"end":{"line":150,"column":23}},"71":{"start":{"line":151,"column":8},"end":{"line":151,"column":23}},"72":{"start":{"line":152,"column":8},"end":{"line":152,"column":26}},"73":{"start":{"line":153,"column":8},"end":{"line":153,"column":26}},"74":{"start":{"line":154,"column":8},"end":{"line":154,"column":26}},"75":{"start":{"line":157,"column":8},"end":{"line":157,"column":23}},"76":{"start":{"line":158,"column":8},"end":{"line":158,"column":23}},"77":{"start":{"line":159,"column":8},"end":{"line":210,"column":9}},"78":{"start":{"line":160,"column":10},"end":{"line":183,"column":11}},"79":{"start":{"line":161,"column":12},"end":{"line":161,"column":19}},"80":{"start":{"line":162,"column":12},"end":{"line":162,"column":19}},"81":{"start":{"line":163,"column":12},"end":{"line":163,"column":19}},"82":{"start":{"line":164,"column":12},"end":{"line":164,"column":19}},"83":{"start":{"line":165,"column":12},"end":{"line":165,"column":19}},"84":{"start":{"line":166,"column":12},"end":{"line":166,"column":19}},"85":{"start":{"line":168,"column":15},"end":{"line":183,"column":11}},"86":{"start":{"line":169,"column":12},"end":{"line":169,"column":19}},"87":{"start":{"line":170,"column":12},"end":{"line":170,"column":19}},"88":{"start":{"line":171,"column":12},"end":{"line":171,"column":19}},"89":{"start":{"line":172,"column":12},"end":{"line":172,"column":19}},"90":{"start":{"line":173,"column":12},"end":{"line":173,"column":19}},"91":{"start":{"line":174,"column":12},"end":{"line":174,"column":19}},"92":{"start":{"line":177,"column":12},"end":{"line":177,"column":19}},"93":{"start":{"line":178,"column":12},"end":{"line":178,"column":19}},"94":{"start":{"line":179,"column":12},"end":{"line":179,"column":19}},"95":{"start":{"line":180,"column":12},"end":{"line":180,"column":19}},"96":{"start":{"line":181,"column":12},"end":{"line":181,"column":19}},"97":{"start":{"line":182,"column":12},"end":{"line":182,"column":19}},"98":{"start":{"line":186,"column":10},"end":{"line":209,"column":11}},"99":{"start":{"line":187,"column":12},"end":{"line":187,"column":19}},"100":{"start":{"line":188,"column":12},"end":{"line":188,"column":19}},"101":{"start":{"line":189,"column":12},"end":{"line":189,"column":19}},"102":{"start":{"line":190,"column":12},"end":{"line":190,"column":19}},"103":{"start":{"line":191,"column":12},"end":{"line":191,"column":19}},"104":{"start":{"line":192,"column":12},"end":{"line":192,"column":19}},"105":{"start":{"line":194,"column":15},"end":{"line":209,"column":11}},"106":{"start":{"line":195,"column":12},"end":{"line":195,"column":19}},"107":{"start":{"line":196,"column":12},"end":{"line":196,"column":19}},"108":{"start":{"line":197,"column":12},"end":{"line":197,"column":19}},"109":{"start":{"line":198,"column":12},"end":{"line":198,"column":19}},"110":{"start":{"line":199,"column":12},"end":{"line":199,"column":19}},"111":{"start":{"line":200,"column":12},"end":{"line":200,"column":19}},"112":{"start":{"line":203,"column":12},"end":{"line":203,"column":19}},"113":{"start":{"line":204,"column":12},"end":{"line":204,"column":19}},"114":{"start":{"line":205,"column":12},"end":{"line":205,"column":19}},"115":{"start":{"line":206,"column":12},"end":{"line":206,"column":19}},"116":{"start":{"line":207,"column":12},"end":{"line":207,"column":19}},"117":{"start":{"line":208,"column":12},"end":{"line":208,"column":19}},"118":{"start":{"line":215,"column":8},"end":{"line":215,"column":30}},"119":{"start":{"line":216,"column":8},"end":{"line":216,"column":30}},"120":{"start":{"line":217,"column":8},"end":{"line":217,"column":30}},"121":{"start":{"line":218,"column":8},"end":{"line":218,"column":36}},"122":{"start":{"line":219,"column":8},"end":{"line":219,"column":36}},"123":{"start":{"line":220,"column":8},"end":{"line":220,"column":36}},"124":{"start":{"line":221,"column":8},"end":{"line":221,"column":37}},"125":{"start":{"line":222,"column":8},"end":{"line":222,"column":37}},"126":{"start":{"line":223,"column":8},"end":{"line":223,"column":37}},"127":{"start":{"line":225,"column":8},"end":{"line":225,"column":25}},"128":{"start":{"line":226,"column":8},"end":{"line":226,"column":25}},"129":{"start":{"line":227,"column":8},"end":{"line":227,"column":25}},"130":{"start":{"line":229,"column":8},"end":{"line":229,"column":51}},"131":{"start":{"line":230,"column":8},"end":{"line":235,"column":9}},"132":{"start":{"line":230,"column":20},"end":{"line":230,"column":29}},"133":{"start":{"line":232,"column":10},"end":{"line":232,"column":60}},"134":{"start":{"line":233,"column":10},"end":{"line":233,"column":19}},"135":{"start":{"line":234,"column":10},"end":{"line":234,"column":87}},"136":{"start":{"line":236,"column":8},"end":{"line":236,"column":51}},"137":{"start":{"line":237,"column":8},"end":{"line":242,"column":9}},"138":{"start":{"line":237,"column":20},"end":{"line":237,"column":29}},"139":{"start":{"line":239,"column":10},"end":{"line":239,"column":75}},"140":{"start":{"line":240,"column":10},"end":{"line":240,"column":19}},"141":{"start":{"line":241,"column":10},"end":{"line":241,"column":87}},"142":{"start":{"line":243,"column":8},"end":{"line":243,"column":51}},"143":{"start":{"line":244,"column":8},"end":{"line":249,"column":9}},"144":{"start":{"line":244,"column":20},"end":{"line":244,"column":29}},"145":{"start":{"line":246,"column":10},"end":{"line":246,"column":75}},"146":{"start":{"line":247,"column":10},"end":{"line":247,"column":19}},"147":{"start":{"line":248,"column":10},"end":{"line":248,"column":87}},"148":{"start":{"line":250,"column":8},"end":{"line":250,"column":51}},"149":{"start":{"line":251,"column":8},"end":{"line":256,"column":9}},"150":{"start":{"line":251,"column":20},"end":{"line":251,"column":29}},"151":{"start":{"line":253,"column":10},"end":{"line":253,"column":72}},"152":{"start":{"line":254,"column":10},"end":{"line":254,"column":19}},"153":{"start":{"line":255,"column":10},"end":{"line":255,"column":87}},"154":{"start":{"line":259,"column":8},"end":{"line":259,"column":42}},"155":{"start":{"line":263,"column":8},"end":{"line":263,"column":39}},"156":{"start":{"line":264,"column":8},"end":{"line":264,"column":29}},"157":{"start":{"line":265,"column":8},"end":{"line":265,"column":31}},"158":{"start":{"line":267,"column":8},"end":{"line":267,"column":31}},"159":{"start":{"line":269,"column":8},"end":{"line":269,"column":37}},"160":{"start":{"line":270,"column":8},"end":{"line":270,"column":34}},"161":{"start":{"line":271,"column":8},"end":{"line":271,"column":34}},"162":{"start":{"line":272,"column":8},"end":{"line":272,"column":34}},"163":{"start":{"line":273,"column":8},"end":{"line":273,"column":34}},"164":{"start":{"line":274,"column":8},"end":{"line":274,"column":37}},"165":{"start":{"line":275,"column":8},"end":{"line":275,"column":23}},"166":{"start":{"line":276,"column":8},"end":{"line":276,"column":23}},"167":{"start":{"line":277,"column":8},"end":{"line":277,"column":23}},"168":{"start":{"line":278,"column":8},"end":{"line":278,"column":23}},"169":{"start":{"line":279,"column":8},"end":{"line":279,"column":24}},"170":{"start":{"line":280,"column":8},"end":{"line":280,"column":24}},"171":{"start":{"line":281,"column":8},"end":{"line":281,"column":24}},"172":{"start":{"line":282,"column":8},"end":{"line":282,"column":24}},"173":{"start":{"line":288,"column":8},"end":{"line":288,"column":22}},"174":{"start":{"line":289,"column":8},"end":{"line":289,"column":22}},"175":{"start":{"line":290,"column":8},"end":{"line":290,"column":22}},"176":{"start":{"line":291,"column":8},"end":{"line":291,"column":22}},"177":{"start":{"line":292,"column":8},"end":{"line":293,"column":21}},"178":{"start":{"line":292,"column":21},"end":{"line":292,"column":29}},"179":{"start":{"line":293,"column":13},"end":{"line":293,"column":21}},"180":{"start":{"line":294,"column":8},"end":{"line":295,"column":21}},"181":{"start":{"line":294,"column":21},"end":{"line":294,"column":29}},"182":{"start":{"line":295,"column":13},"end":{"line":295,"column":21}},"183":{"start":{"line":296,"column":8},"end":{"line":297,"column":21}},"184":{"start":{"line":296,"column":21},"end":{"line":296,"column":29}},"185":{"start":{"line":297,"column":13},"end":{"line":297,"column":21}},"186":{"start":{"line":298,"column":8},"end":{"line":299,"column":21}},"187":{"start":{"line":298,"column":21},"end":{"line":298,"column":29}},"188":{"start":{"line":299,"column":13},"end":{"line":299,"column":21}},"189":{"start":{"line":300,"column":8},"end":{"line":301,"column":21}},"190":{"start":{"line":300,"column":21},"end":{"line":300,"column":29}},"191":{"start":{"line":301,"column":13},"end":{"line":301,"column":21}},"192":{"start":{"line":302,"column":8},"end":{"line":303,"column":21}},"193":{"start":{"line":302,"column":21},"end":{"line":302,"column":29}},"194":{"start":{"line":303,"column":13},"end":{"line":303,"column":21}},"195":{"start":{"line":304,"column":8},"end":{"line":304,"column":27}},"196":{"start":{"line":305,"column":8},"end":{"line":305,"column":27}},"197":{"start":{"line":306,"column":8},"end":{"line":306,"column":27}},"198":{"start":{"line":312,"column":8},"end":{"line":312,"column":32}},"199":{"start":{"line":313,"column":8},"end":{"line":313,"column":32}},"200":{"start":{"line":314,"column":8},"end":{"line":314,"column":32}},"201":{"start":{"line":315,"column":8},"end":{"line":315,"column":32}},"202":{"start":{"line":317,"column":8},"end":{"line":317,"column":32}},"203":{"start":{"line":318,"column":8},"end":{"line":318,"column":32}},"204":{"start":{"line":319,"column":8},"end":{"line":319,"column":32}},"205":{"start":{"line":320,"column":8},"end":{"line":320,"column":32}},"206":{"start":{"line":322,"column":8},"end":{"line":322,"column":32}},"207":{"start":{"line":323,"column":8},"end":{"line":323,"column":32}},"208":{"start":{"line":324,"column":8},"end":{"line":324,"column":32}},"209":{"start":{"line":325,"column":8},"end":{"line":325,"column":32}},"210":{"start":{"line":327,"column":8},"end":{"line":327,"column":30}},"211":{"start":{"line":328,"column":8},"end":{"line":328,"column":30}},"212":{"start":{"line":329,"column":8},"end":{"line":329,"column":30}},"213":{"start":{"line":330,"column":8},"end":{"line":330,"column":30}},"214":{"start":{"line":331,"column":8},"end":{"line":331,"column":36}},"215":{"start":{"line":332,"column":8},"end":{"line":332,"column":36}},"216":{"start":{"line":333,"column":8},"end":{"line":333,"column":36}},"217":{"start":{"line":334,"column":8},"end":{"line":334,"column":36}},"218":{"start":{"line":335,"column":8},"end":{"line":335,"column":36}},"219":{"start":{"line":336,"column":8},"end":{"line":336,"column":36}},"220":{"start":{"line":337,"column":8},"end":{"line":337,"column":36}},"221":{"start":{"line":338,"column":8},"end":{"line":338,"column":36}},"222":{"start":{"line":339,"column":8},"end":{"line":339,"column":37}},"223":{"start":{"line":340,"column":8},"end":{"line":340,"column":37}},"224":{"start":{"line":341,"column":8},"end":{"line":341,"column":37}},"225":{"start":{"line":342,"column":8},"end":{"line":342,"column":37}},"226":{"start":{"line":344,"column":8},"end":{"line":344,"column":25}},"227":{"start":{"line":345,"column":8},"end":{"line":345,"column":25}},"228":{"start":{"line":346,"column":8},"end":{"line":346,"column":25}},"229":{"start":{"line":347,"column":8},"end":{"line":347,"column":25}},"230":{"start":{"line":349,"column":8},"end":{"line":349,"column":61}},"231":{"start":{"line":350,"column":8},"end":{"line":355,"column":9}},"232":{"start":{"line":350,"column":20},"end":{"line":350,"column":29}},"233":{"start":{"line":352,"column":10},"end":{"line":352,"column":73}},"234":{"start":{"line":353,"column":10},"end":{"line":353,"column":19}},"235":{"start":{"line":354,"column":10},"end":{"line":354,"column":109}},"236":{"start":{"line":356,"column":8},"end":{"line":356,"column":61}},"237":{"start":{"line":357,"column":8},"end":{"line":362,"column":9}},"238":{"start":{"line":357,"column":20},"end":{"line":357,"column":29}},"239":{"start":{"line":359,"column":10},"end":{"line":359,"column":93}},"240":{"start":{"line":360,"column":10},"end":{"line":360,"column":19}},"241":{"start":{"line":361,"column":10},"end":{"line":361,"column":109}},"242":{"start":{"line":363,"column":8},"end":{"line":363,"column":61}},"243":{"start":{"line":364,"column":8},"end":{"line":369,"column":9}},"244":{"start":{"line":364,"column":20},"end":{"line":364,"column":29}},"245":{"start":{"line":366,"column":10},"end":{"line":366,"column":93}},"246":{"start":{"line":367,"column":10},"end":{"line":367,"column":19}},"247":{"start":{"line":368,"column":10},"end":{"line":368,"column":109}},"248":{"start":{"line":370,"column":8},"end":{"line":370,"column":61}},"249":{"start":{"line":371,"column":8},"end":{"line":376,"column":9}},"250":{"start":{"line":371,"column":20},"end":{"line":371,"column":29}},"251":{"start":{"line":373,"column":10},"end":{"line":373,"column":93}},"252":{"start":{"line":374,"column":10},"end":{"line":374,"column":19}},"253":{"start":{"line":375,"column":10},"end":{"line":375,"column":109}},"254":{"start":{"line":377,"column":8},"end":{"line":377,"column":61}},"255":{"start":{"line":378,"column":8},"end":{"line":383,"column":9}},"256":{"start":{"line":378,"column":20},"end":{"line":378,"column":29}},"257":{"start":{"line":380,"column":10},"end":{"line":380,"column":89}},"258":{"start":{"line":381,"column":10},"end":{"line":381,"column":19}},"259":{"start":{"line":382,"column":10},"end":{"line":382,"column":109}},"260":{"start":{"line":385,"column":8},"end":{"line":385,"column":47}},"261":{"start":{"line":389,"column":0},"end":{"line":402,"column":1}},"262":{"start":{"line":390,"column":2},"end":{"line":390,"column":8}},"263":{"start":{"line":391,"column":2},"end":{"line":391,"column":30}},"264":{"start":{"line":392,"column":2},"end":{"line":394,"column":3}},"265":{"start":{"line":393,"column":4},"end":{"line":393,"column":13}},"266":{"start":{"line":395,"column":2},"end":{"line":400,"column":3}},"267":{"start":{"line":396,"column":4},"end":{"line":396,"column":45}},"268":{"start":{"line":397,"column":4},"end":{"line":397,"column":19}},"269":{"start":{"line":398,"column":4},"end":{"line":398,"column":16}},"270":{"start":{"line":399,"column":4},"end":{"line":399,"column":15}},"271":{"start":{"line":401,"column":2},"end":{"line":401,"column":11}},"272":{"start":{"line":403,"column":0},"end":{"line":403,"column":60}},"273":{"start":{"line":406,"column":0},"end":{"line":406,"column":91}},"274":{"start":{"line":406,"column":49},"end":{"line":406,"column":91}},"275":{"start":{"line":406,"column":68},"end":{"line":406,"column":88}},"276":{"start":{"line":408,"column":0},"end":{"line":410,"column":75}},"277":{"start":{"line":408,"column":36},"end":{"line":408,"column":72}},"278":{"start":{"line":410,"column":5},"end":{"line":410,"column":75}},"279":{"start":{"line":410,"column":40},"end":{"line":410,"column":75}},"280":{"start":{"line":412,"column":0},"end":{"line":414,"column":1}},"281":{"start":{"line":413,"column":2},"end":{"line":413,"column":32}}},"branchMap":{"1":{"line":43,"type":"if","locations":[{"start":{"line":43,"column":2},"end":{"line":43,"column":2}},{"start":{"line":43,"column":2},"end":{"line":43,"column":2}}]},"2":{"line":96,"type":"if","locations":[{"start":{"line":96,"column":8},"end":{"line":96,"column":8}},{"start":{"line":96,"column":8},"end":{"line":96,"column":8}}]},"3":{"line":116,"type":"if","locations":[{"start":{"line":116,"column":8},"end":{"line":116,"column":8}},{"start":{"line":116,"column":8},"end":{"line":116,"column":8}}]},"4":{"line":122,"type":"if","locations":[{"start":{"line":122,"column":8},"end":{"line":122,"column":8}},{"start":{"line":122,"column":8},"end":{"line":122,"column":8}}]},"5":{"line":128,"type":"if","locations":[{"start":{"line":128,"column":8},"end":{"line":128,"column":8}},{"start":{"line":128,"column":8},"end":{"line":128,"column":8}}]},"6":{"line":159,"type":"if","locations":[{"start":{"line":159,"column":8},"end":{"line":159,"column":8}},{"start":{"line":159,"column":8},"end":{"line":159,"column":8}}]},"7":{"line":160,"type":"if","locations":[{"start":{"line":160,"column":10},"end":{"line":160,"column":10}},{"start":{"line":160,"column":10},"end":{"line":160,"column":10}}]},"8":{"line":168,"type":"if","locations":[{"start":{"line":168,"column":15},"end":{"line":168,"column":15}},{"start":{"line":168,"column":15},"end":{"line":168,"column":15}}]},"9":{"line":186,"type":"if","locations":[{"start":{"line":186,"column":10},"end":{"line":186,"column":10}},{"start":{"line":186,"column":10},"end":{"line":186,"column":10}}]},"10":{"line":194,"type":"if","locations":[{"start":{"line":194,"column":15},"end":{"line":194,"column":15}},{"start":{"line":194,"column":15},"end":{"line":194,"column":15}}]},"11":{"line":230,"type":"if","locations":[{"start":{"line":230,"column":8},"end":{"line":230,"column":8}},{"start":{"line":230,"column":8},"end":{"line":230,"column":8}}]},"12":{"line":237,"type":"if","locations":[{"start":{"line":237,"column":8},"end":{"line":237,"column":8}},{"start":{"line":237,"column":8},"end":{"line":237,"column":8}}]},"13":{"line":244,"type":"if","locations":[{"start":{"line":244,"column":8},"end":{"line":244,"column":8}},{"start":{"line":244,"column":8},"end":{"line":244,"column":8}}]},"14":{"line":251,"type":"if","locations":[{"start":{"line":251,"column":8},"end":{"line":251,"column":8}},{"start":{"line":251,"column":8},"end":{"line":251,"column":8}}]},"15":{"line":292,"type":"if","locations":[{"start":{"line":292,"column":8},"end":{"line":292,"column":8}},{"start":{"line":292,"column":8},"end":{"line":292,"column":8}}]},"16":{"line":294,"type":"if","locations":[{"start":{"line":294,"column":8},"end":{"line":294,"column":8}},{"start":{"line":294,"column":8},"end":{"line":294,"column":8}}]},"17":{"line":296,"type":"if","locations":[{"start":{"line":296,"column":8},"end":{"line":296,"column":8}},{"start":{"line":296,"column":8},"end":{"line":296,"column":8}}]},"18":{"line":298,"type":"if","locations":[{"start":{"line":298,"column":8},"end":{"line":298,"column":8}},{"start":{"line":298,"column":8},"end":{"line":298,"column":8}}]},"19":{"line":300,"type":"if","locations":[{"start":{"line":300,"column":8},"end":{"line":300,"column":8}},{"start":{"line":300,"column":8},"end":{"line":300,"column":8}}]},"20":{"line":302,"type":"if","locations":[{"start":{"line":302,"column":8},"end":{"line":302,"column":8}},{"start":{"line":302,"column":8},"end":{"line":302,"column":8}}]},"21":{"line":312,"type":"cond-expr","locations":[{"start":{"line":312,"column":26},"end":{"line":312,"column":27}},{"start":{"line":312,"column":30},"end":{"line":312,"column":31}}]},"22":{"line":313,"type":"cond-expr","locations":[{"start":{"line":313,"column":26},"end":{"line":313,"column":27}},{"start":{"line":313,"column":30},"end":{"line":313,"column":31}}]},"23":{"line":314,"type":"cond-expr","locations":[{"start":{"line":314,"column":26},"end":{"line":314,"column":27}},{"start":{"line":314,"column":30},"end":{"line":314,"column":31}}]},"24":{"line":315,"type":"cond-expr","locations":[{"start":{"line":315,"column":26},"end":{"line":315,"column":27}},{"start":{"line":315,"column":30},"end":{"line":315,"column":31}}]},"25":{"line":317,"type":"cond-expr","locations":[{"start":{"line":317,"column":26},"end":{"line":317,"column":27}},{"start":{"line":317,"column":30},"end":{"line":317,"column":31}}]},"26":{"line":318,"type":"cond-expr","locations":[{"start":{"line":318,"column":26},"end":{"line":318,"column":27}},{"start":{"line":318,"column":30},"end":{"line":318,"column":31}}]},"27":{"line":319,"type":"cond-expr","locations":[{"start":{"line":319,"column":26},"end":{"line":319,"column":27}},{"start":{"line":319,"column":30},"end":{"line":319,"column":31}}]},"28":{"line":320,"type":"cond-expr","locations":[{"start":{"line":320,"column":26},"end":{"line":320,"column":27}},{"start":{"line":320,"column":30},"end":{"line":320,"column":31}}]},"29":{"line":322,"type":"cond-expr","locations":[{"start":{"line":322,"column":26},"end":{"line":322,"column":27}},{"start":{"line":322,"column":30},"end":{"line":322,"column":31}}]},"30":{"line":323,"type":"cond-expr","locations":[{"start":{"line":323,"column":26},"end":{"line":323,"column":27}},{"start":{"line":323,"column":30},"end":{"line":323,"column":31}}]},"31":{"line":324,"type":"cond-expr","locations":[{"start":{"line":324,"column":26},"end":{"line":324,"column":27}},{"start":{"line":324,"column":30},"end":{"line":324,"column":31}}]},"32":{"line":325,"type":"cond-expr","locations":[{"start":{"line":325,"column":26},"end":{"line":325,"column":27}},{"start":{"line":325,"column":30},"end":{"line":325,"column":31}}]},"33":{"line":350,"type":"if","locations":[{"start":{"line":350,"column":8},"end":{"line":350,"column":8}},{"start":{"line":350,"column":8},"end":{"line":350,"column":8}}]},"34":{"line":357,"type":"if","locations":[{"start":{"line":357,"column":8},"end":{"line":357,"column":8}},{"start":{"line":357,"column":8},"end":{"line":357,"column":8}}]},"35":{"line":364,"type":"if","locations":[{"start":{"line":364,"column":8},"end":{"line":364,"column":8}},{"start":{"line":364,"column":8},"end":{"line":364,"column":8}}]},"36":{"line":371,"type":"if","locations":[{"start":{"line":371,"column":8},"end":{"line":371,"column":8}},{"start":{"line":371,"column":8},"end":{"line":371,"column":8}}]},"37":{"l
[...]
e, YX order: (0,0)->(0,1)->(1,1)","        // A step of (1,0) in (i,j) means a step of (1-c,-c) in (x,y), and","        // a step of (0,1) in (i,j) means a step of (-c,1-c) in (x,y), where","        // c = (3-sqrt(3))/6","        var x1 = x0 - i1 + G2; // Offsets for middle corner in (x,y) unskewed coords","        var y1 = y0 - j1 + G2;","        var x2 = x0 - 1.0 + 2.0 * G2; // Offsets for last corner in (x,y) unskewed coords","        var y2 = y0 - 1.0 + 2.0 * G2;","        // Work out the hashed gradient indices of the three simplex corners","        var ii = i & 255;","        var jj = j & 255;","        // Calculate the contribution from the three corners","        var t0 = 0.5 - x0 * x0 - y0 * y0;","        if (t0 >= 0) {","          var gi0 = permMod12[ii + perm[jj]] * 3;","          t0 *= t0;","          n0 = t0 * t0 * (grad3[gi0] * x0 + grad3[gi0 + 1] * y0); // (x,y) of grad3 used for 2D gradient","        }","        var t1 = 0.5 - x1 * x1 - y1 * y1;","        if (t1 >= 0) {","          var gi1 = permMod12[ii + i1 + perm[jj + j1]] * 3;","          t1 *= t1;","          n1 = t1 * t1 * (grad3[gi1] * x1 + grad3[gi1 + 1] * y1);","        }","        var t2 = 0.5 - x2 * x2 - y2 * y2;","        if (t2 >= 0) {","          var gi2 = permMod12[ii + 1 + perm[jj + 1]] * 3;","          t2 *= t2;","          n2 = t2 * t2 * (grad3[gi2] * x2 + grad3[gi2 + 1] * y2);","        }","        // Add contributions from each corner to get the final noise value.","        // The result is scaled to return values in the interval [-1,1].","        return 70.0 * (n0 + n1 + n2);","      },","    // 3D simplex noise","    noise3D: function(xin, yin, zin) {","        var permMod12 = this.permMod12;","        var perm = this.perm;","        var grad3 = this.grad3;","        var n0, n1, n2, n3; // Noise contributions from the four corners","        // Skew the input space to determine which simplex cell we're in","        var s = (xin + yin + zin) * F3; // Very nice and simple skew factor for 3D","        var i = Math.floor(xin + s);","        var j = Math.floor(yin + s);","        var k = Math.floor(zin + s);","        var t = (i + j + k) * G3;","        var X0 = i - t; // Unskew the cell origin back to (x,y,z) space","        var Y0 = j - t;","        var Z0 = k - t;","        var x0 = xin - X0; // The x,y,z distances from the cell origin","        var y0 = yin - Y0;","        var z0 = zin - Z0;","        // For the 3D case, the simplex shape is a slightly irregular tetrahedron.","        // Determine which simplex we are in.","        var i1, j1, k1; // Offsets for second corner of simplex in (i,j,k) coords","        var i2, j2, k2; // Offsets for third corner of simplex in (i,j,k) coords","        if (x0 >= y0) {","          if (y0 >= z0) {","            i1 = 1;","            j1 = 0;","            k1 = 0;","            i2 = 1;","            j2 = 1;","            k2 = 0;","          } // X Y Z order","          else if (x0 >= z0) {","            i1 = 1;","            j1 = 0;","            k1 = 0;","            i2 = 1;","            j2 = 0;","            k2 = 1;","          } // X Z Y order","          else {","            i1 = 0;","            j1 = 0;","            k1 = 1;","            i2 = 1;","            j2 = 0;","            k2 = 1;","          } // Z X Y order","        }","        else { // x0<y0","          if (y0 < z0) {","            i1 = 0;","            j1 = 0;","            k1 = 1;","            i2 = 0;","            j2 = 1;","            k2 = 1;","          } // Z Y X order","          else if (x0 < z0) {","            i1 = 0;","            j1 = 1;","            k1 = 0;","            i2 = 0;","            j2 = 1;","            k2 = 1;","          } // Y Z X order","          else {","            i1 = 0;","            j1 = 1;","            k1 = 0;","            i2 = 1;","            j2 = 1;","            k2 = 0;","          } // Y X Z order","        }","        // A step of (1,0,0) in (i,j,k) means a step of (1-c,-c,-c) in (x,y,z),","        // a step of (0,1,0) in (i,j,k) means a step of (-c,1-c,-c) in (x,y,z), and","        // a step of (0,0,1) in (i,j,k) means a step of (-c,-c,1-c) in (x,y,z), where","        // c = 1/6.","        var x1 = x0 - i1 + G3; // Offsets for second corner in (x,y,z) coords","        var y1 = y0 - j1 + G3;","        var z1 = z0 - k1 + G3;","        var x2 = x0 - i2 + 2.0 * G3; // Offsets for third corner in (x,y,z) coords","        var y2 = y0 - j2 + 2.0 * G3;","        var z2 = z0 - k2 + 2.0 * G3;","        var x3 = x0 - 1.0 + 3.0 * G3; // Offsets for last corner in (x,y,z) coords","        var y3 = y0 - 1.0 + 3.0 * G3;","        var z3 = z0 - 1.0 + 3.0 * G3;","        // Work out the hashed gradient indices of the four simplex corners","        var ii = i & 255;","        var jj = j & 255;","        var kk = k & 255;","        // Calculate the contribution from the four corners","        var t0 = 0.6 - x0 * x0 - y0 * y0 - z0 * z0;","        if (t0 < 0) n0 = 0.0;","        else {","          var gi0 = permMod12[ii + perm[jj + perm[kk]]] * 3;","          t0 *= t0;","          n0 = t0 * t0 * (grad3[gi0] * x0 + grad3[gi0 + 1] * y0 + grad3[gi0 + 2] * z0);","        }","        var t1 = 0.6 - x1 * x1 - y1 * y1 - z1 * z1;","        if (t1 < 0) n1 = 0.0;","        else {","          var gi1 = permMod12[ii + i1 + perm[jj + j1 + perm[kk + k1]]] * 3;","          t1 *= t1;","          n1 = t1 * t1 * (grad3[gi1] * x1 + grad3[gi1 + 1] * y1 + grad3[gi1 + 2] * z1);","        }","        var t2 = 0.6 - x2 * x2 - y2 * y2 - z2 * z2;","        if (t2 < 0) n2 = 0.0;","        else {","          var gi2 = permMod12[ii + i2 + perm[jj + j2 + perm[kk + k2]]] * 3;","          t2 *= t2;","          n2 = t2 * t2 * (grad3[gi2] * x2 + grad3[gi2 + 1] * y2 + grad3[gi2 + 2] * z2);","        }","        var t3 = 0.6 - x3 * x3 - y3 * y3 - z3 * z3;","        if (t3 < 0) n3 = 0.0;","        else {","          var gi3 = permMod12[ii + 1 + perm[jj + 1 + perm[kk + 1]]] * 3;","          t3 *= t3;","          n3 = t3 * t3 * (grad3[gi3] * x3 + grad3[gi3 + 1] * y3 + grad3[gi3 + 2] * z3);","        }","        // Add contributions from each corner to get the final noise value.","        // The result is scaled to stay just inside [-1,1]","        return 32.0 * (n0 + n1 + n2 + n3);","      },","    // 4D simplex noise, better simplex rank ordering method 2012-03-09","    noise4D: function(x, y, z, w) {","        var permMod12 = this.permMod12;","        var perm = this.perm;","        var grad4 = this.grad4;","","        var n0, n1, n2, n3, n4; // Noise contributions from the five corners","        // Skew the (x,y,z,w) space to determine which cell of 24 simplices we're in","        var s = (x + y + z + w) * F4; // Factor for 4D skewing","        var i = Math.floor(x + s);","        var j = Math.floor(y + s);","        var k = Math.floor(z + s);","        var l = Math.floor(w + s);","        var t = (i + j + k + l) * G4; // Factor for 4D unskewing","        var X0 = i - t; // Unskew the cell origin back to (x,y,z,w) space","        var Y0 = j - t;","        var Z0 = k - t;","        var W0 = l - t;","        var x0 = x - X0; // The x,y,z,w distances from the cell origin","        var y0 = y - Y0;","        var z0 = z - Z0;","        var w0 = w - W0;","        // For the 4D case, the simplex is a 4D shape I won't even try to describe.","        // To find out which of the 24 possible simplices we're in, we need to","        // determine the magnitude ordering of x0, y0, z0 and w0.","        // Six pair-wise comparisons are performed between each possible pair","        // of the four coordinates, and the results are used to rank the numbers.","        var rankx = 0;","        var ranky = 0;","        var rankz = 0;","        var rankw = 0;","        if (x0 > y0) rankx++;","        else ranky++;","        if (x0 > z0) rankx++;","        else rankz++;","        if (x0 > w0) rankx++;","        else rankw++;","        if (y0 > z0) ranky++;","        else rankz++;","        if (y0 > w0) ranky++;","        else rankw++;","        if (z0 > w0) rankz++;","        else rankw++;","        var i1, j1, k1, l1; // The integer offsets for the second simplex corner","        var i2, j2, k2, l2; // The integer offsets for the third simplex corner","        var i3, j3, k3, l3; // The integer offsets for the fourth simplex corner","        // simplex[c] is a 4-vector with the numbers 0, 1, 2 and 3 in some order.","        // Many values of c will never occur, since e.g. x>y>z>w makes x<z, y<w and x<w","        // impossible. Only the 24 indices which have non-zero entries make any sense.","        // We use a thresholding to set the coordinates in turn from the largest magnitude.","        // Rank 3 denotes the largest coordinate.","        i1 = rankx >= 3 ? 1 : 0;","        j1 = ranky >= 3 ? 1 : 0;","        k1 = rankz >= 3 ? 1 : 0;","        l1 = rankw >= 3 ? 1 : 0;","        // Rank 2 denotes the second largest coordinate.","        i2 = rankx >= 2 ? 1 : 0;","        j2 = ranky >= 2 ? 1 : 0;","        k2 = rankz >= 2 ? 1 : 0;","        l2 = rankw >= 2 ? 1 : 0;","        // Rank 1 denotes the second smallest coordinate.","        i3 = rankx >= 1 ? 1 : 0;","        j3 = ranky >= 1 ? 1 : 0;","        k3 = rankz >= 1 ? 1 : 0;","        l3 = rankw >= 1 ? 1 : 0;","        // The fifth corner has all coordinate offsets = 1, so no need to compute that.","        var x1 = x0 - i1 + G4; // Offsets for second corner in (x,y,z,w) coords","        var y1 = y0 - j1 + G4;","        var z1 = z0 - k1 + G4;","        var w1 = w0 - l1 + G4;","        var x2 = x0 - i2 + 2.0 * G4; // Offsets for third corner in (x,y,z,w) coords","        var y2 = y0 - j2 + 2.0 * G4;","        var z2 = z0 - k2 + 2.0 * G4;","        var w2 = w0 - l2 + 2.0 * G4;","        var x3 = x0 - i3 + 3.0 * G4; // Offsets for fourth corner in (x,y,z,w) coords","        var y3 = y0 - j3 + 3.0 * G4;","        var z3 = z0 - k3 + 3.0 * G4;","        var w3 = w0 - l3 + 3.0 * G4;","        var x4 = x0 - 1.0 + 4.0 * G4; // Offsets for last corner in (x,y,z,w) coords","        var y4 = y0 - 1.0 + 4.0 * G4;","        var z4 = z0 - 1.0 + 4.0 * G4;","        var w4 = w0 - 1.0 + 4.0 * G4;","        // Work out the hashed gradient indices of the five simplex corners","        var ii = i & 255;","        var jj = j & 255;","        var kk = k & 255;","        var ll = l & 255;","        // Calculate the contribution from the five corners","        var t0 = 0.6 - x0 * x0 - y0 * y0 - z0 * z0 - w0 * w0;","        if (t0 < 0) n0 = 0.0;","        else {","          var gi0 = (perm[ii + perm[jj + perm[kk + perm[ll]]]] % 32) * 4;","          t0 *= t0;","          n0 = t0 * t0 * (grad4[gi0] * x0 + grad4[gi0 + 1] * y0 + grad4[gi0 + 2] * z0 + grad4[gi0 + 3] * w0);","        }","        var t1 = 0.6 - x1 * x1 - y1 * y1 - z1 * z1 - w1 * w1;","        if (t1 < 0) n1 = 0.0;","        else {","          var gi1 = (perm[ii + i1 + perm[jj + j1 + perm[kk + k1 + perm[ll + l1]]]] % 32) * 4;","          t1 *= t1;","          n1 = t1 * t1 * (grad4[gi1] * x1 + grad4[gi1 + 1] * y1 + grad4[gi1 + 2] * z1 + grad4[gi1 + 3] * w1);","        }","        var t2 = 0.6 - x2 * x2 - y2 * y2 - z2 * z2 - w2 * w2;","        if (t2 < 0) n2 = 0.0;","        else {","          var gi2 = (perm[ii + i2 + perm[jj + j2 + perm[kk + k2 + perm[ll + l2]]]] % 32) * 4;","          t2 *= t2;","          n2 = t2 * t2 * (grad4[gi2] * x2 + grad4[gi2 + 1] * y2 + grad4[gi2 + 2] * z2 + grad4[gi2 + 3] * w2);","        }","        var t3 = 0.6 - x3 * x3 - y3 * y3 - z3 * z3 - w3 * w3;","        if (t3 < 0) n3 = 0.0;","        else {","          var gi3 = (perm[ii + i3 + perm[jj + j3 + perm[kk + k3 + perm[ll + l3]]]] % 32) * 4;","          t3 *= t3;","          n3 = t3 * t3 * (grad4[gi3] * x3 + grad4[gi3 + 1] * y3 + grad4[gi3 + 2] * z3 + grad4[gi3 + 3] * w3);","        }","        var t4 = 0.6 - x4 * x4 - y4 * y4 - z4 * z4 - w4 * w4;","        if (t4 < 0) n4 = 0.0;","        else {","          var gi4 = (perm[ii + 1 + perm[jj + 1 + perm[kk + 1 + perm[ll + 1]]]] % 32) * 4;","          t4 *= t4;","          n4 = t4 * t4 * (grad4[gi4] * x4 + grad4[gi4 + 1] * y4 + grad4[gi4 + 2] * z4 + grad4[gi4 + 3] * w4);","        }","        // Sum up and scale the result to cover the range [-1,1]","        return 27.0 * (n0 + n1 + n2 + n3 + n4);","      }","  };","","function buildPermutationTable(random) {","  var i;","  var p = new Uint8Array(256);","  for (i = 0; i < 256; i++) {","    p[i] = i;","  }","  for (i = 0; i < 255; i++) {","    var r = i + 1 + ~~(random() * (255 - i));","    var aux = p[i];","    p[i] = p[r];","    p[r] = aux;","  }","  return p;","}","SimplexNoise._buildPermutationTable = buildPermutationTable;","","// amd","if (typeof define !== 'undefined' && define.amd) define(function() {return SimplexNoise;});","// common js","if (typeof exports !== 'undefined') exports.SimplexNoise = SimplexNoise;","// browser","else if (typeof window !== 'undefined') window.SimplexNoise = SimplexNoise;","// nodejs","if (typeof module !== 'undefined') {","  module.exports = SimplexNoise;","}","","})();",""],"l":{"32":1,"35":1,"36":1,"37":1,"38":1,"39":1,"40":1,"42":1,"43":0,"44":0,"45":0,"46":0,"47":0,"48":0,"49":0,"53":1,"78":0,"79":0,"80":0,"81":0,"82":0,"83":0,"85":0,"86":0,"87":0,"88":0,"89":0,"90":0,"91":0,"92":0,"95":0,"96":0,"97":0,"98":0,"101":0,"102":0,"107":0,"108":0,"109":0,"110":0,"112":0,"113":0,"115":0,"116":0,"117":0,"118":0,"119":0,"121":0,"122":0,"123":0,"124":0,"125":0,"127":0,"128":0,"129":0,"130":0,"131":0,"135":0,"139":0,"140":0,"141":0,"142":0,"144":0,"145":0,"146":0,"147":0,"148":0,"149":0,"150":0,"151":0,"152":0,"153":0,"154":0,"157":0,"158":0,"159":0,"160":0,"161":0,"162":0,"163":0,"164":0,"165":0,"166":0,"168":0,"169":0,"170":0,"171":0,"172":0,"173":0,"174":0,"177":0,"178":0,"179":0,"180":0,"181":0,"182":0,"186":0,"187":0,"188":0,"189":0,"190":0,"191":0,"192":0,"194":0,"195":0,"196":0,"197":0,"198":0,"199":0,"200":0,"203":0,"204":0,"205":0,"206":0,"207":0,"208":0,"215":0,"216":0,"217":0,"218":0,"219":0,"220":0,"221":0,"222":0,"223":0,"225":0,"226":0,"227":0,"229":0,"230":0,"232":0,"233":0,"234":0,"236":0,"237":0,"239":0,"240":0,"241":0,"243":0,"244":0,"246":0,"247":0,"248":0,"250":0,"251":0,"253":0,"254":0,"255":0,"259":0,"263":0,"264":0,"265":0,"267":0,"269":0,"270":0,"271":0,"272":0,"273":0,"274":0,"275":0,"276":0,"277":0,"278":0,"279":0,"280":0,"281":0,"282":0,"288":0,"289":0,"290":0,"291":0,"292":0,"293":0,"294":0,"295":0,"296":0,"297":0,"298":0,"299":0,"300":0,"301":0,"302":0,"303":0,"304":0,"305":0,"306":0,"312":0,"313":0,"314":0,"315":0,"317":0,"318":0,"319":0,"320":0,"322":0,"323":0,"324":0,"325":0,"327":0,"328":0,"329":0,"330":0,"331":0,"332":0,"333":0,"334":0,"335":0,"336":0,"337":0,"338":0,"339":0,"340":0,"341":0,"342":0,"344":0,"345":0,"346":0,"347":0,"349":0,"350":0,"352":0,"353":0,"354":0,"356":0,"357":0,"359":0,"360":0,"361":0,"363":0,"364":0,"366":0,"367":0,"368":0,"370":0,"371":0,"373":0,"374":0,"375":0,"377":0,"378":0,"380":0,"381":0,"382":0,"385":0,"389":1,"390":0,"391":0,"392":0,"393":0,"395":0,"396":0,"397":0,"398":0,"399":0,"401":0,"403":1,"406":1,"408":1,"410":0,"412":1,"413":1}},"/home/travis/build/npmtest/node-npmtest-simplex-noise/node_modules/simplex-noise/perf/benchmark.js":{"path":"/home/travis/build/npmtest/node-npmtest-simplex-noise/node_modules/simplex-noise/perf/benchmark.js","s":{"1":2,"2":0,"3":0,"4":0,"5":0,"6":0,"7":0,"8":0,"9":0,"10":0,"11":0,"12":0,"13":0,"14":0,"15":0,"16":0,"17":0,"18":0,"19":0,"20":0,"21":0,"22":0,"23":0},"b":{"1":[2,2],"2":[0,0]},"f":{"1":0,"2":0,"3":0,"4":0,"5":0,"6":0,"7":0},"fnMap":{"1":{"name":"(anonymous_1)","line":6,"loc":{"start":{"line":6,"column":15},"end":{"line":6,"column":26}}},"2":{"name":"(anonymous_2)","line":9,"loc":{"start":{"line":9,"column":18},"end":{"line":9,"column":29}}},"3":{"name":"(anonymous_3)","line":18,"loc":{"start":{"line":18,"column":18},"end":{"line":18,"column":29}}},"4":{"name":"(anonymous_4)","line":27,"loc":{"start":{"line":27,"column":19},"end":{"line":27,"column":30}}},"5":{"name":"(anonymous_5)","line":36,"loc":{"start":{"line":36,"column":18},"end":{"line":36,"column":29}}},"6":{"name":"(anonymous_6)","line":45,"loc":{"start":{"line":45,"column":18},"end":{"line":45,"column":29}}},"7":{"name":"(anonymous_7)","line":46,"loc":{"start":{"line":46,"column":17},"end":{"line":46,"column":33}}}},"statementMap":{"1":{"start":{"line":1,"column":0},"end":{"line":1,"column":55}},"2":{"start":{"line":2,"column":0},"end":{"line":2,"column":68}},"3":{"start":{"line":3,"column":0},"end":{"line":3,"column":33}},"4":{"start":{"line":5,"column":0},"end":{"line":56,"column":9}},"5":{"start":{"line":7,"column":4},"end":{"line":7,"column":37}},"6":{"start":{"line":10,"column":4},"end":{"line":16,"column":5}},"7":{"start":{"line":11,"column":6},"end":{"line":15,"column":7}},"8":{"start":{"line":12,"column":8},"end":{"line":14,"column":9}},"9":{"start":{"line":13,"column":10},"end":{"line":13,"column":40}},"10":{"start":{"line":19,"column":4},"end":{"line":25,"column":5}},"11":{"start":{"line":20,"column":6},"end":{"line":24,"column":7}},"12":{"start":{"line":21,"column":8},"end":{"line":23,"column":9}},"13":{"start":{"line":22,"column":10},"end":{"line":22,"column":47}},"14":{"start":{"line":28,"column":4},"end":{"line":34,"column":5}},"15":{"start":{"line":29,"column":6},"end":{"line":33,"column":7}},"16":{"start":{"line":30,"column":8},"end":{"line":32,"column":9}},"17":{"start":{"line":31,"column":10},"end":{"line":31,"column":47}},"18":{"start":{"line":37,"column":4},"end":{"line":43,"column":5}},"19":{"start":{"line":38,"column":6},"end":{"line":42,"column":7}},"20":{"start":{"line":39,"column":8},"end":{"line":41,"column":9}},"21":{"start":{"line":40,"column":10},"end":{"line":40,"column":61}},"22":{"start":{"line":46,"column":4},"end":{"line":54,"column":7}},"23":{"start":{"line":47,"column":6},"end":{"line":53,"column":8}}},"branchMap":{"1":{"line":1,"type":"binary-expr","locations":[{"start":{"line":1,"column":16},"end":{"line":1,"column":30}},{"start":{"line":1,"column":34},"end":{"line":1,"column":54}}]},"2":{"line":2,"type":"binary-expr","locations":[{"start":{"line":2,"column":19},"end":{"line":2,"column":36}},{"start":{"line":2,"column":40},"end":{"line":2,"column":67}}]}},"code":["var Benchmark = this.Benchmark || require('benchmark');","var SimplexNoise = this.SimplexNoise || require('../simplex-noise');","var simplex = new SimplexNoise();","","var suite = new Benchmark.Suite('simplex-noise')","  .add('init', function() {","    var simplex = new SimplexNoise();","  })","  .add('noise2D', function() {","    for (var x = 0; x < 8; x++) {","      for (var y = 0; y < 8; y++) {","        for (var z = 0; z < 8; z++) {","          simplex.noise2D(x / 8, y / 8);","        }","      }","    }","  })","  .add('noise3D', function() {","    for (var x = 0; x < 8; x++) {","      for (var y = 0; y < 8; y++) {","        for (var z = 0; z < 8; z++) {","          simplex.noise3D(x / 8, y / 8, z / 8);","        }","      }","    }","  })","  .add('noise3D2', function() {","    for (var x = 0; x < 8; x++) {","      for (var y = 0; y < 8; y++) {","        for (var z = 0; z < 8; z++) {","          simplex.noise3D(x / 8, y / 8, z / 8);","        }","      }","    }","  })","  .add('noise4D', function() {","    for (var x = 0; x < 8; x++) {","      for (var y = 0; y < 8; y++) {","        for (var z = 0; z < 8; z++) {","          simplex.noise4D(x / 8, y / 8, z / 8, (x + y) / 16);","        }","      }","    }","  })","  .on('complete', function() {","    this.forEach(function(bench) {","      console.log(","        bench.name +","        ': ' +","        Benchmark.formatNumber(Math.round(1.0 / bench.times.period)) +","        ' ops/sec ±' +","        Math.round(bench.stats.rme) + '%'","      );","    });","  })","  .run();",""],"l":{"1":2,"2":0,"3":0,"5":0,"7":0,"10":0,"11":0,"12":0,"13":0,"19":0,"20":0,"21":0,"22":0,"28":0,"29":0,"30":0,"31":0,"37":0,"38":0,"39":0,"40":0,"46":0,"47":0}}}